<?xml version="1.0" encoding="UTF-8"?>
<coverage generated="1786083931421" clover="3.2.0">
  <project timestamp="1786083931421" name="All files">
    <metrics statements="360" coveredstatements="355" conditionals="113" coveredconditionals="108" methods="93" coveredmethods="93" elements="566" coveredelements="556" complexity="0" loc="360" ncloc="360" packages="2" files="14" classes="14"/>
    <package name="src">
      <metrics statements="7" coveredstatements="7" conditionals="4" coveredconditionals="3" methods="3" coveredmethods="3"/>
      <file name="assertions.ts" path="/Users/ekehemeka/Desktop/Comp-2452 /src/assertions.ts">
        <metrics statements="2" coveredstatements="2" conditionals="2" coveredconditionals="2" methods="1" coveredmethods="1"/>
        <line num="5" count="8095" type="cond" truecount="2" falsecount="0"/>
        <line num="6" count="20" type="stmt"/>
      </file>
      <file name="database.ts" path="/Users/ekehemeka/Desktop/Comp-2452 /src/database.ts">
        <metrics statements="5" coveredstatements="5" conditionals="2" coveredconditionals="1" methods="2" coveredmethods="2"/>
        <line num="4" count="6" type="stmt"/>
        <line num="6" count="6" type="cond" truecount="1" falsecount="1"/>
        <line num="12" count="25" type="stmt"/>
        <line num="16" count="21" type="stmt"/>
        <line num="32" count="21" type="stmt"/>
      </file>
    </package>
    <package name="src.model">
      <metrics statements="353" coveredstatements="348" conditionals="109" coveredconditionals="105" methods="90" coveredmethods="90"/>
      <file name="account.ts" path="/Users/ekehemeka/Desktop/Comp-2452 /src/model/account.ts">
        <metrics statements="41" coveredstatements="41" conditionals="8" coveredconditionals="8" methods="8" coveredmethods="8"/>
        <line num="15" count="42" type="stmt"/>
        <line num="17" count="42" type="stmt"/>
        <line num="18" count="1024" type="stmt"/>
        <line num="21" count="42" type="stmt"/>
        <line num="31" count="2" type="stmt"/>
        <line num="33" count="2" type="stmt"/>
        <line num="37" count="2" type="stmt"/>
        <line num="38" count="2" type="stmt"/>
        <line num="42" count="32" type="stmt"/>
        <line num="45" count="2" type="stmt"/>
        <line num="57" count="22" type="stmt"/>
        <line num="59" count="22" type="stmt"/>
        <line num="62" count="22" type="stmt"/>
        <line num="73" count="22" type="stmt"/>
        <line num="84" count="22" type="stmt"/>
        <line num="93" count="21" type="stmt"/>
        <line num="98" count="21" type="stmt"/>
        <line num="99" count="21" type="stmt"/>
        <line num="103" count="2" type="stmt"/>
        <line num="107" count="21" type="stmt"/>
        <line num="117" count="23" type="stmt"/>
        <line num="119" count="23" type="stmt"/>
        <line num="124" count="23" type="stmt"/>
        <line num="130" count="23" type="stmt"/>
        <line num="142" count="21" type="stmt"/>
        <line num="148" count="21" type="stmt"/>
        <line num="155" count="21" type="stmt"/>
        <line num="160" count="20" type="stmt"/>
        <line num="176" count="20" type="stmt"/>
        <line num="183" count="5" type="stmt"/>
        <line num="185" count="5" type="cond" truecount="2" falsecount="0"/>
        <line num="189" count="2" type="stmt"/>
        <line num="193" count="3" type="stmt"/>
        <line num="205" count="3" type="cond" truecount="2" falsecount="0"/>
        <line num="206" count="1" type="stmt"/>
        <line num="209" count="2" type="stmt"/>
        <line num="211" count="2" type="stmt"/>
        <line num="216" count="2" type="stmt"/>
        <line num="221" count="2" type="cond" truecount="2" falsecount="0"/>
        <line num="225" count="1" type="stmt"/>
        <line num="228" count="1" type="stmt"/>
      </file>
      <file name="building.ts" path="/Users/ekehemeka/Desktop/Comp-2452 /src/model/building.ts">
        <metrics statements="29" coveredstatements="29" conditionals="15" coveredconditionals="15" methods="10" coveredmethods="10"/>
        <line num="17" count="93" type="stmt"/>
        <line num="22" count="93" type="stmt"/>
        <line num="27" count="93" type="stmt"/>
        <line num="32" count="93" type="stmt"/>
        <line num="38" count="93" type="stmt"/>
        <line num="43" count="93" type="stmt"/>
        <line num="44" count="93" type="stmt"/>
        <line num="45" count="93" type="stmt"/>
        <line num="46" count="93" type="stmt"/>
        <line num="47" count="93" type="stmt"/>
        <line num="49" count="93" type="stmt"/>
        <line num="53" count="113" type="stmt"/>
        <line num="58" count="113" type="stmt"/>
        <line num="63" count="113" type="stmt"/>
        <line num="68" count="113" type="stmt"/>
        <line num="74" count="113" type="stmt"/>
        <line num="82" count="38" type="stmt"/>
        <line num="86" count="1" type="stmt"/>
        <line num="90" count="30" type="stmt"/>
        <line num="94" count="1" type="stmt"/>
        <line num="98" count="30" type="stmt"/>
        <line num="102" count="23" type="stmt"/>
        <line num="106" count="12" type="stmt"/>
        <line num="111" count="12" type="stmt"/>
        <line num="113" count="12" type="stmt"/>
        <line num="117" count="8" type="stmt"/>
        <line num="119" count="8" type="stmt"/>
        <line num="121" count="8" type="stmt"/>
        <line num="126" count="8" type="stmt"/>
      </file>
      <file name="game-store.ts" path="/Users/ekehemeka/Desktop/Comp-2452 /src/model/game-store.ts">
        <metrics statements="36" coveredstatements="36" conditionals="10" coveredconditionals="9" methods="5" coveredmethods="5"/>
        <line num="35" count="11" type="stmt"/>
        <line num="47" count="11" type="cond" truecount="2" falsecount="0"/>
        <line num="48" count="7" type="stmt"/>
        <line num="55" count="4" type="stmt"/>
        <line num="58" count="4" type="stmt"/>
        <line num="70" count="4" type="cond" truecount="2" falsecount="0"/>
        <line num="71" count="1" type="stmt"/>
        <line num="76" count="3" type="stmt"/>
        <line num="79" count="3" type="stmt"/>
        <line num="89" count="3" type="stmt"/>
        <line num="91" count="1" type="stmt"/>
        <line num="95" count="3" type="stmt"/>
        <line num="96" count="6" type="cond" truecount="2" falsecount="0"/>
        <line num="97" count="1" type="stmt"/>
        <line num="102" count="3" type="stmt"/>
        <line num="113" count="3" type="stmt"/>
        <line num="115" count="6" type="stmt"/>
        <line num="122" count="3" type="stmt"/>
        <line num="124" count="6" type="stmt"/>
        <line num="126" count="6" type="cond" truecount="1" falsecount="1"/>
        <line num="127" count="6" type="stmt"/>
        <line num="131" count="3" type="stmt"/>
        <line num="137" count="3" type="stmt"/>
        <line num="151" count="7" type="stmt"/>
        <line num="156" count="7" type="stmt"/>
        <line num="162" count="7" type="stmt"/>
        <line num="178" count="7" type="stmt"/>
        <line num="196" count="7" type="stmt"/>
        <line num="203" count="4" type="stmt"/>
        <line num="218" count="4" type="stmt"/>
        <line num="235" count="4" type="stmt"/>
        <line num="243" count="4" type="stmt"/>
        <line num="244" count="8" type="cond" truecount="2" falsecount="0"/>
        <line num="245" count="1" type="stmt"/>
        <line num="263" count="4" type="stmt"/>
        <line num="264" count="8" type="stmt"/>
      </file>
      <file name="game.ts" path="/Users/ekehemeka/Desktop/Comp-2452 /src/model/game.ts">
        <metrics statements="153" coveredstatements="150" conditionals="48" coveredconditionals="45" methods="34" coveredmethods="34"/>
        <line num="64" count="47" type="stmt"/>
        <line num="69" count="47" type="stmt"/>
        <line num="75" count="47" type="stmt"/>
        <line num="78" count="100" type="stmt"/>
        <line num="83" count="47" type="stmt"/>
        <line num="88" count="47" type="stmt"/>
        <line num="91" count="87" type="stmt"/>
        <line num="96" count="47" type="stmt"/>
        <line num="102" count="47" type="stmt"/>
        <line num="109" count="47" type="stmt"/>
        <line num="111" count="100" type="stmt"/>
        <line num="115" count="47" type="stmt"/>
        <line num="117" count="100" type="stmt"/>
        <line num="120" count="47" type="stmt"/>
        <line num="125" count="47" type="stmt"/>
        <line num="130" count="47" type="stmt"/>
        <line num="131" count="47" type="stmt"/>
        <line num="132" count="47" type="stmt"/>
        <line num="133" count="47" type="stmt"/>
        <line num="134" count="47" type="stmt"/>
        <line num="135" count="47" type="stmt"/>
        <line num="137" count="47" type="stmt"/>
        <line num="141" count="47" type="stmt"/>
        <line num="142" count="47" type="stmt"/>
        <line num="148" count="47" type="stmt"/>
        <line num="150" count="47" type="stmt"/>
        <line num="154" count="329" type="stmt"/>
        <line num="160" count="329" type="stmt"/>
        <line num="166" count="329" type="stmt"/>
        <line num="171" count="329" type="stmt"/>
        <line num="177" count="329" type="stmt"/>
        <line num="180" count="681" type="stmt"/>
        <line num="185" count="329" type="stmt"/>
        <line num="190" count="329" type="stmt"/>
        <line num="193" count="635" type="stmt"/>
        <line num="199" count="329" type="stmt"/>
        <line num="201" count="681" type="stmt"/>
        <line num="205" count="329" type="stmt"/>
        <line num="207" count="681" type="stmt"/>
        <line num="210" count="329" type="stmt"/>
        <line num="215" count="329" type="stmt"/>
        <line num="220" count="329" type="stmt"/>
        <line num="227" count="288" type="stmt"/>
        <line num="229" count="7" type="stmt"/>
        <line num="238" count="18" type="stmt"/>
        <line num="240" count="18" type="cond" truecount="2" falsecount="0"/>
        <line num="241" count="11" type="stmt"/>
        <line num="250" count="12" type="stmt"/>
        <line num="252" count="26" type="stmt"/>
        <line num="255" count="12" type="cond" truecount="2" falsecount="0"/>
        <line num="256" count="10" type="stmt"/>
        <line num="260" count="2" type="stmt"/>
        <line num="262" count="2" type="stmt"/>
        <line num="265" count="2" type="cond" truecount="1" falsecount="1"/>
        <line num="266" count="2" type="stmt"/>
        <line num="269" count="0" type="stmt"/>
        <line num="273" count="263" type="cond" truecount="2" falsecount="0"/>
        <line num="277" count="251" type="stmt"/>
        <line num="281" count="12" type="stmt"/>
        <line num="286" count="12" type="stmt"/>
        <line num="288" count="12" type="cond" truecount="1" falsecount="1"/>
        <line num="289" count="0" type="stmt"/>
        <line num="293" count="12" type="stmt"/>
        <line num="297" count="12" type="cond" truecount="1" falsecount="1"/>
        <line num="298" count="0" type="stmt"/>
        <line num="301" count="12" type="cond" truecount="2" falsecount="0"/>
        <line num="302" count="10" type="cond" truecount="2" falsecount="0"/>
        <line num="306" count="8" type="stmt"/>
        <line num="309" count="2" type="stmt"/>
        <line num="311" count="2" type="stmt"/>
        <line num="314" count="2" type="cond" truecount="2" falsecount="0"/>
        <line num="315" count="1" type="stmt"/>
        <line num="318" count="1" type="stmt"/>
        <line num="324" count="8" type="stmt"/>
        <line num="330" count="8" type="cond" truecount="2" falsecount="0"/>
        <line num="335" count="7" type="stmt"/>
        <line num="340" count="8" type="stmt"/>
        <line num="347" count="8" type="stmt"/>
        <line num="351" count="16" type="stmt"/>
        <line num="355" count="7" type="stmt"/>
        <line num="359" count="7" type="stmt"/>
        <line num="363" count="29" type="stmt"/>
        <line num="367" count="19" type="stmt"/>
        <line num="371" count="11" type="stmt"/>
        <line num="373" count="22" type="stmt"/>
        <line num="380" count="5" type="stmt"/>
        <line num="384" count="3" type="stmt"/>
        <line num="390" count="5" type="stmt"/>
        <line num="395" count="6" type="stmt"/>
        <line num="400" count="6" type="stmt"/>
        <line num="402" count="6" type="stmt"/>
        <line num="404" count="6" type="stmt"/>
        <line num="408" count="2" type="stmt"/>
        <line num="410" count="2" type="stmt"/>
        <line num="415" count="254" type="stmt"/>
        <line num="418" count="254" type="stmt"/>
        <line num="421" count="254" type="stmt"/>
        <line num="423" count="254" type="stmt"/>
        <line num="425" count="254" type="stmt"/>
        <line num="428" count="254" type="stmt"/>
        <line num="433" count="254" type="stmt"/>
        <line num="439" count="254" type="stmt"/>
        <line num="446" count="254" type="stmt"/>
        <line num="448" count="254" type="stmt"/>
        <line num="454" count="254" type="stmt"/>
        <line num="460" count="14" type="stmt"/>
        <line num="467" count="14" type="cond" truecount="2" falsecount="0"/>
        <line num="468" count="1" type="stmt"/>
        <line num="475" count="1" type="stmt"/>
        <line num="477" count="1" type="stmt"/>
        <line num="480" count="12" type="cond" truecount="2" falsecount="0"/>
        <line num="484" count="2" type="stmt"/>
        <line num="492" count="2" type="stmt"/>
        <line num="494" count="2" type="stmt"/>
        <line num="498" count="10" type="stmt"/>
        <line num="501" count="10" type="stmt"/>
        <line num="504" count="10" type="stmt"/>
        <line num="508" count="10" type="stmt"/>
        <line num="511" count="10" type="stmt"/>
        <line num="514" count="10" type="stmt"/>
        <line num="526" count="10" type="stmt"/>
        <line num="530" count="10" type="stmt"/>
        <line num="537" count="10" type="stmt"/>
        <line num="543" count="10" type="stmt"/>
        <line num="548" count="10" type="stmt"/>
        <line num="550" count="10" type="stmt"/>
        <line num="552" count="10" type="stmt"/>
        <line num="558" count="11" type="stmt"/>
        <line num="565" count="11" type="cond" truecount="2" falsecount="0"/>
        <line num="569" count="2" type="stmt"/>
        <line num="577" count="2" type="stmt"/>
        <line num="579" count="2" type="stmt"/>
        <line num="583" count="8" type="stmt"/>
        <line num="586" count="8" type="stmt"/>
        <line num="588" count="8" type="stmt"/>
        <line num="590" count="8" type="stmt"/>
        <line num="593" count="8" type="stmt"/>
        <line num="604" count="8" type="stmt"/>
        <line num="608" count="8" type="stmt"/>
        <line num="614" count="8" type="stmt"/>
        <line num="621" count="8" type="stmt"/>
        <line num="623" count="8" type="stmt"/>
        <line num="625" count="8" type="stmt"/>
        <line num="630" count="5" type="stmt"/>
        <line num="632" count="5" type="cond" truecount="2" falsecount="0"/>
        <line num="633" count="1" type="stmt"/>
        <line num="637" count="4" type="stmt"/>
        <line num="639" count="4" type="stmt"/>
        <line num="642" count="4" type="stmt"/>
        <line num="649" count="4" type="stmt"/>
        <line num="655" count="4" type="stmt"/>
        <line num="657" count="4" type="stmt"/>
        <line num="663" count="4" type="stmt"/>
      </file>
      <file name="markov-chain.ts" path="/Users/ekehemeka/Desktop/Comp-2452 /src/model/markov-chain.ts">
        <metrics statements="12" coveredstatements="10" conditionals="5" coveredconditionals="5" methods="2" coveredmethods="2"/>
        <line num="12" count="12" type="stmt"/>
        <line num="17" count="12" type="stmt"/>
        <line num="25" count="18" type="stmt"/>
        <line num="27" count="18" type="stmt"/>
        <line num="32" count="18" type="stmt"/>
        <line num="38" count="18" type="stmt"/>
        <line num="40" count="18" type="stmt"/>
        <line num="44" count="20" type="stmt"/>
        <line num="46" count="20" type="cond" truecount="2" falsecount="0"/>
        <line num="50" count="15" type="stmt"/>
        <line num="55" count="0" type="stmt"/>
        <line num="57" count="0" type="stmt"/>
      </file>
      <file name="multiplier-upgrade.ts" path="/Users/ekehemeka/Desktop/Comp-2452 /src/model/multiplier-upgrade.ts">
        <metrics statements="14" coveredstatements="14" conditionals="6" coveredconditionals="6" methods="6" coveredmethods="6"/>
        <line num="16" count="54" type="stmt"/>
        <line num="17" count="54" type="stmt"/>
        <line num="22" count="54" type="stmt"/>
        <line num="25" count="54" type="stmt"/>
        <line num="29" count="56" type="stmt"/>
        <line num="37" count="1" type="stmt"/>
        <line num="42" count="3" type="stmt"/>
        <line num="47" count="3" type="stmt"/>
        <line num="50" count="3" type="stmt"/>
        <line num="55" count="3" type="stmt"/>
        <line num="57" count="3" type="stmt"/>
        <line num="61" count="1" type="stmt"/>
        <line num="73" count="1" type="stmt"/>
        <line num="74" count="4" type="stmt"/>
      </file>
      <file name="nebula-factory.ts" path="/Users/ekehemeka/Desktop/Comp-2452 /src/model/nebula-factory.ts">
        <metrics statements="3" coveredstatements="3" conditionals="0" coveredconditionals="0" methods="2" coveredmethods="2"/>
        <line num="14" count="1" type="stmt"/>
        <line num="26" count="1" type="stmt"/>
        <line num="28" count="3" type="stmt"/>
      </file>
      <file name="power-upgrade.ts" path="/Users/ekehemeka/Desktop/Comp-2452 /src/model/power-upgrade.ts">
        <metrics statements="14" coveredstatements="14" conditionals="6" coveredconditionals="6" methods="6" coveredmethods="6"/>
        <line num="16" count="70" type="stmt"/>
        <line num="18" count="70" type="stmt"/>
        <line num="23" count="70" type="stmt"/>
        <line num="26" count="70" type="stmt"/>
        <line num="30" count="78" type="stmt"/>
        <line num="38" count="1" type="stmt"/>
        <line num="43" count="12" type="stmt"/>
        <line num="48" count="12" type="stmt"/>
        <line num="51" count="12" type="stmt"/>
        <line num="56" count="12" type="stmt"/>
        <line num="58" count="12" type="stmt"/>
        <line num="62" count="1" type="stmt"/>
        <line num="74" count="1" type="stmt"/>
        <line num="75" count="4" type="stmt"/>
      </file>
      <file name="robo-buy-map.ts" path="/Users/ekehemeka/Desktop/Comp-2452 /src/model/robo-buy-map.ts">
        <metrics statements="3" coveredstatements="3" conditionals="0" coveredconditionals="0" methods="1" coveredmethods="1"/>
        <line num="1" count="3" type="stmt"/>
        <line num="15" count="3" type="stmt"/>
        <line num="17" count="30" type="stmt"/>
      </file>
      <file name="star-collector.ts" path="/Users/ekehemeka/Desktop/Comp-2452 /src/model/star-collector.ts">
        <metrics statements="3" coveredstatements="3" conditionals="0" coveredconditionals="0" methods="2" coveredmethods="2"/>
        <line num="15" count="1" type="stmt"/>
        <line num="27" count="1" type="stmt"/>
        <line num="29" count="3" type="stmt"/>
      </file>
      <file name="star.ts" path="/Users/ekehemeka/Desktop/Comp-2452 /src/model/star.ts">
        <metrics statements="17" coveredstatements="17" conditionals="5" coveredconditionals="5" methods="6" coveredmethods="6"/>
        <line num="13" count="52" type="stmt"/>
        <line num="18" count="52" type="stmt"/>
        <line num="23" count="52" type="stmt"/>
        <line num="29" count="52" type="stmt"/>
        <line num="30" count="52" type="stmt"/>
        <line num="31" count="52" type="stmt"/>
        <line num="33" count="52" type="stmt"/>
        <line num="37" count="305" type="stmt"/>
        <line num="42" count="305" type="stmt"/>
        <line num="47" count="305" type="stmt"/>
        <line num="55" count="12" type="stmt"/>
        <line num="59" count="12" type="stmt"/>
        <line num="63" count="525" type="stmt"/>
        <line num="67" count="255" type="stmt"/>
        <line num="69" count="255" type="stmt"/>
        <line num="71" count="255" type="stmt"/>
        <line num="76" count="255" type="stmt"/>
      </file>
      <file name="upgrade.ts" path="/Users/ekehemeka/Desktop/Comp-2452 /src/model/upgrade.ts">
        <metrics statements="28" coveredstatements="28" conditionals="6" coveredconditionals="6" methods="8" coveredmethods="8"/>
        <line num="14" count="124" type="stmt"/>
        <line num="19" count="124" type="stmt"/>
        <line num="24" count="124" type="stmt"/>
        <line num="29" count="124" type="stmt"/>
        <line num="30" count="124" type="stmt"/>
        <line num="31" count="124" type="stmt"/>
        <line num="32" count="124" type="stmt"/>
        <line num="34" count="124" type="stmt"/>
        <line num="38" count="135" type="stmt"/>
        <line num="43" count="135" type="stmt"/>
        <line num="48" count="135" type="stmt"/>
        <line num="53" count="135" type="stmt"/>
        <line num="60" count="63" type="stmt"/>
        <line num="64" count="1" type="stmt"/>
        <line num="68" count="45" type="stmt"/>
        <line num="72" count="50" type="stmt"/>
        <line num="78" count="14" type="stmt"/>
        <line num="83" count="14" type="stmt"/>
        <line num="89" count="14" type="stmt"/>
        <line num="91" count="14" type="stmt"/>
        <line num="96" count="14" type="stmt"/>
        <line num="98" count="14" type="stmt"/>
        <line num="103" count="14" type="stmt"/>
        <line num="105" count="14" type="stmt"/>
        <line num="109" count="1" type="stmt"/>
        <line num="114" count="1" type="stmt"/>
        <line num="116" count="1" type="stmt"/>
        <line num="121" count="1" type="stmt"/>
      </file>
    </package>
  </project>
</coverage>
