{"/Users/ekehemeka/Desktop/Comp-2452 /src/assertions.ts": {"path":"/Users/ekehemeka/Desktop/Comp-2452 /src/assertions.ts","statementMap":{"0":{"start":{"line":5,"column":4},"end":{"line":7,"column":null}},"1":{"start":{"line":6,"column":8},"end":{"line":6,"column":null}}},"fnMap":{"0":{"name":"assert","decl":{"start":{"line":1,"column":24},"end":{"line":1,"column":null}},"loc":{"start":{"line":4,"column":21},"end":{"line":8,"column":null}},"line":4}},"branchMap":{"0":{"loc":{"start":{"line":5,"column":4},"end":{"line":7,"column":null}},"type":"if","locations":[{"start":{"line":5,"column":4},"end":{"line":7,"column":null}},{"start":{},"end":{}}],"line":5}},"s":{"0":8095,"1":20},"f":{"0":8095},"b":{"0":[20,8075]},"meta":{"lastBranch":1,"lastFunction":1,"lastStatement":2,"seen":{"f:1:24:1:Infinity":0,"b:5:4:7:Infinity:undefined:undefined:undefined:undefined":0,"s:5:4:7:Infinity":0,"s:6:8:6:Infinity":1},"fnNames":{}}}
,"/Users/ekehemeka/Desktop/Comp-2452 /src/database.ts": {"path":"/Users/ekehemeka/Desktop/Comp-2452 /src/database.ts","statementMap":{"0":{"start":{"line":4,"column":26},"end":{"line":4,"column":null}},"1":{"start":{"line":6,"column":24},"end":{"line":9,"column":null}},"2":{"start":{"line":12,"column":4},"end":{"line":12,"column":null}},"3":{"start":{"line":16,"column":4},"end":{"line":30,"column":null}},"4":{"start":{"line":32,"column":4},"end":{"line":32,"column":null}}},"fnMap":{"0":{"name":"initializeDatabase","decl":{"start":{"line":11,"column":22},"end":{"line":11,"column":58}},"loc":{"start":{"line":11,"column":58},"end":{"line":13,"column":null}},"line":11},"1":{"name":"resetDatabase","decl":{"start":{"line":15,"column":22},"end":{"line":15,"column":53}},"loc":{"start":{"line":15,"column":53},"end":{"line":33,"column":null}},"line":15}},"branchMap":{"0":{"loc":{"start":{"line":6,"column":24},"end":{"line":9,"column":null}},"type":"cond-expr","locations":[{"start":{"line":7,"column":6},"end":{"line":7,"column":null}},{"start":{"line":9,"column":6},"end":{"line":9,"column":null}}],"line":6}},"s":{"0":6,"1":6,"2":25,"3":21,"4":21},"f":{"0":25,"1":21},"b":{"0":[6,0]},"meta":{"lastBranch":1,"lastFunction":2,"lastStatement":5,"seen":{"s:4:26:4:Infinity":0,"s:6:24:9:Infinity":1,"b:7:6:7:Infinity:9:6:9:Infinity":0,"f:11:22:11:58":0,"s:12:4:12:Infinity":2,"f:15:22:15:53":1,"s:16:4:30:Infinity":3,"s:32:4:32:Infinity":4},"fnNames":{}}}
,"/Users/ekehemeka/Desktop/Comp-2452 /src/model/account.ts": {"path":"/Users/ekehemeka/Desktop/Comp-2452 /src/model/account.ts","statementMap":{"0":{"start":{"line":15,"column":17},"end":{"line":15,"column":null}},"1":{"start":{"line":17,"column":4},"end":{"line":19,"column":null}},"2":{"start":{"line":18,"column":8},"end":{"line":18,"column":null}},"3":{"start":{"line":21,"column":4},"end":{"line":21,"column":null}},"4":{"start":{"line":31,"column":19},"end":{"line":31,"column":null}},"5":{"start":{"line":33,"column":18},"end":{"line":35,"column":null}},"6":{"start":{"line":37,"column":4},"end":{"line":43,"column":null}},"7":{"start":{"line":38,"column":20},"end":{"line":38,"column":null}},"8":{"start":{"line":42,"column":8},"end":{"line":42,"column":null}},"9":{"start":{"line":45,"column":4},"end":{"line":45,"column":null}},"10":{"start":{"line":57,"column":20},"end":{"line":57,"column":null}},"11":{"start":{"line":59,"column":26},"end":{"line":59,"column":null}},"12":{"start":{"line":62,"column":8},"end":{"line":70,"column":null}},"13":{"start":{"line":73,"column":8},"end":{"line":82,"column":null}},"14":{"start":{"line":84,"column":4},"end":{"line":86,"column":null}},"15":{"start":{"line":93,"column":8},"end":{"line":96,"column":null}},"16":{"start":{"line":98,"column":8},"end":{"line":98,"column":null}},"17":{"start":{"line":99,"column":8},"end":{"line":99,"column":null}},"18":{"start":{"line":103,"column":8},"end":{"line":103,"column":null}},"19":{"start":{"line":107,"column":8},"end":{"line":110,"column":null}},"20":{"start":{"line":117,"column":35},"end":{"line":117,"column":null}},"21":{"start":{"line":119,"column":8},"end":{"line":122,"column":null}},"22":{"start":{"line":124,"column":8},"end":{"line":127,"column":null}},"23":{"start":{"line":130,"column":12},"end":{"line":140,"column":null}},"24":{"start":{"line":142,"column":8},"end":{"line":145,"column":null}},"25":{"start":{"line":148,"column":12},"end":{"line":152,"column":null}},"26":{"start":{"line":155,"column":12},"end":{"line":158,"column":null}},"27":{"start":{"line":160,"column":8},"end":{"line":174,"column":null}},"28":{"start":{"line":176,"column":8},"end":{"line":176,"column":null}},"29":{"start":{"line":183,"column":35},"end":{"line":183,"column":null}},"30":{"start":{"line":185,"column":8},"end":{"line":190,"column":null}},"31":{"start":{"line":189,"column":12},"end":{"line":189,"column":null}},"32":{"start":{"line":193,"column":12},"end":{"line":203,"column":null}},"33":{"start":{"line":205,"column":8},"end":{"line":207,"column":null}},"34":{"start":{"line":206,"column":12},"end":{"line":206,"column":null}},"35":{"start":{"line":209,"column":27},"end":{"line":209,"column":null}},"36":{"start":{"line":211,"column":21},"end":{"line":213,"column":null}},"37":{"start":{"line":216,"column":12},"end":{"line":219,"column":null}},"38":{"start":{"line":221,"column":8},"end":{"line":226,"column":null}},"39":{"start":{"line":225,"column":12},"end":{"line":225,"column":null}},"40":{"start":{"line":228,"column":8},"end":{"line":228,"column":null}}},"fnMap":{"0":{"name":"bytesToBase64","decl":{"start":{"line":14,"column":9},"end":{"line":14,"column":23}},"loc":{"start":{"line":14,"column":50},"end":{"line":22,"column":null}},"line":14},"1":{"name":"base64ToBytes","decl":{"start":{"line":28,"column":9},"end":{"line":28,"column":null}},"loc":{"start":{"line":30,"column":27},"end":{"line":46,"column":null}},"line":30},"2":{"name":"derivePassword","decl":{"start":{"line":53,"column":15},"end":{"line":53,"column":null}},"loc":{"start":{"line":56,"column":19},"end":{"line":87,"column":null}},"line":56},"3":{"name":"constructor","decl":{"start":{"line":92,"column":4},"end":{"line":92,"column":12}},"loc":{"start":{"line":92,"column":42},"end":{"line":100,"column":null}},"line":92},"4":{"name":"username","decl":{"start":{"line":102,"column":8},"end":{"line":102,"column":27}},"loc":{"start":{"line":102,"column":27},"end":{"line":104,"column":null}},"line":102},"5":{"name":"(anonymous_5)","decl":{"start":{"line":106,"column":4},"end":{"line":106,"column":26}},"loc":{"start":{"line":106,"column":26},"end":{"line":111,"column":null}},"line":106},"6":{"name":"register","decl":{"start":{"line":113,"column":17},"end":{"line":113,"column":null}},"loc":{"start":{"line":116,"column":24},"end":{"line":177,"column":null}},"line":116},"7":{"name":"signIn","decl":{"start":{"line":179,"column":17},"end":{"line":179,"column":null}},"loc":{"start":{"line":182,"column":31},"end":{"line":229,"column":null}},"line":182}},"branchMap":{"0":{"loc":{"start":{"line":185,"column":8},"end":{"line":190,"column":null}},"type":"if","locations":[{"start":{"line":185,"column":8},"end":{"line":190,"column":null}},{"start":{},"end":{}}],"line":185},"1":{"loc":{"start":{"line":186,"column":12},"end":{"line":187,"column":null}},"type":"binary-expr","locations":[{"start":{"line":186,"column":12},"end":{"line":186,"column":null}},{"start":{"line":187,"column":15},"end":{"line":187,"column":null}}],"line":186},"2":{"loc":{"start":{"line":205,"column":8},"end":{"line":207,"column":null}},"type":"if","locations":[{"start":{"line":205,"column":8},"end":{"line":207,"column":null}},{"start":{},"end":{}}],"line":205},"3":{"loc":{"start":{"line":221,"column":8},"end":{"line":226,"column":null}},"type":"if","locations":[{"start":{"line":221,"column":8},"end":{"line":226,"column":null}},{"start":{},"end":{}}],"line":221}},"s":{"0":42,"1":42,"2":1024,"3":42,"4":2,"5":2,"6":2,"7":2,"8":32,"9":2,"10":22,"11":22,"12":22,"13":22,"14":22,"15":21,"16":21,"17":21,"18":2,"19":21,"20":23,"21":23,"22":23,"23":23,"24":21,"25":21,"26":21,"27":20,"28":20,"29":5,"30":5,"31":2,"32":3,"33":3,"34":1,"35":2,"36":2,"37":2,"38":2,"39":1,"40":1},"f":{"0":42,"1":2,"2":22,"3":21,"4":2,"5":21,"6":2,"7":2},"b":{"0":[2,3],"1":[5,4],"2":[1,2],"3":[1,1]},"meta":{"lastBranch":4,"lastFunction":8,"lastStatement":41,"seen":{"f:14:9:14:23":0,"s:15:17:15:Infinity":0,"s:17:4:19:Infinity":1,"s:18:8:18:Infinity":2,"s:21:4:21:Infinity":3,"f:28:9:28:Infinity":1,"s:31:19:31:Infinity":4,"s:33:18:35:Infinity":5,"s:37:4:43:Infinity":6,"s:38:20:38:Infinity":7,"s:42:8:42:Infinity":8,"s:45:4:45:Infinity":9,"f:53:15:53:Infinity":2,"s:57:20:57:Infinity":10,"s:59:26:59:Infinity":11,"s:62:8:70:Infinity":12,"s:73:8:82:Infinity":13,"s:84:4:86:Infinity":14,"f:92:4:92:12":3,"s:93:8:96:Infinity":15,"s:98:8:98:Infinity":16,"s:99:8:99:Infinity":17,"f:102:8:102:27":4,"s:103:8:103:Infinity":18,"f:106:4:106:26":5,"s:107:8:110:Infinity":19,"f:113:17:113:Infinity":6,"s:117:35:117:Infinity":20,"s:119:8:122:Infinity":21,"s:124:8:127:Infinity":22,"s:130:12:140:Infinity":23,"s:142:8:145:Infinity":24,"s:148:12:152:Infinity":25,"s:155:12:158:Infinity":26,"s:160:8:174:Infinity":27,"s:176:8:176:Infinity":28,"f:179:17:179:Infinity":7,"s:183:35:183:Infinity":29,"b:185:8:190:Infinity:undefined:undefined:undefined:undefined":0,"s:185:8:190:Infinity":30,"b:186:12:186:Infinity:187:15:187:Infinity":1,"s:189:12:189:Infinity":31,"s:193:12:203:Infinity":32,"b:205:8:207:Infinity:undefined:undefined:undefined:undefined":2,"s:205:8:207:Infinity":33,"s:206:12:206:Infinity":34,"s:209:27:209:Infinity":35,"s:211:21:213:Infinity":36,"s:216:12:219:Infinity":37,"b:221:8:226:Infinity:undefined:undefined:undefined:undefined":3,"s:221:8:226:Infinity":38,"s:225:12:225:Infinity":39,"s:228:8:228:Infinity":40},"fnNames":{}}}
,"/Users/ekehemeka/Desktop/Comp-2452 /src/model/building.ts": {"path":"/Users/ekehemeka/Desktop/Comp-2452 /src/model/building.ts","statementMap":{"0":{"start":{"line":17,"column":8},"end":{"line":20,"column":null}},"1":{"start":{"line":22,"column":8},"end":{"line":25,"column":null}},"2":{"start":{"line":27,"column":8},"end":{"line":30,"column":null}},"3":{"start":{"line":32,"column":8},"end":{"line":36,"column":null}},"4":{"start":{"line":38,"column":8},"end":{"line":41,"column":null}},"5":{"start":{"line":43,"column":8},"end":{"line":43,"column":null}},"6":{"start":{"line":44,"column":8},"end":{"line":44,"column":null}},"7":{"start":{"line":45,"column":8},"end":{"line":45,"column":null}},"8":{"start":{"line":46,"column":8},"end":{"line":46,"column":null}},"9":{"start":{"line":47,"column":8},"end":{"line":47,"column":null}},"10":{"start":{"line":49,"column":8},"end":{"line":49,"column":null}},"11":{"start":{"line":53,"column":8},"end":{"line":56,"column":null}},"12":{"start":{"line":58,"column":8},"end":{"line":61,"column":null}},"13":{"start":{"line":63,"column":8},"end":{"line":66,"column":null}},"14":{"start":{"line":68,"column":8},"end":{"line":72,"column":null}},"15":{"start":{"line":74,"column":8},"end":{"line":78,"column":null}},"16":{"start":{"line":82,"column":8},"end":{"line":82,"column":null}},"17":{"start":{"line":86,"column":8},"end":{"line":86,"column":null}},"18":{"start":{"line":90,"column":8},"end":{"line":90,"column":null}},"19":{"start":{"line":94,"column":8},"end":{"line":94,"column":null}},"20":{"start":{"line":98,"column":8},"end":{"line":98,"column":null}},"21":{"start":{"line":102,"column":8},"end":{"line":102,"column":null}},"22":{"start":{"line":106,"column":8},"end":{"line":109,"column":null}},"23":{"start":{"line":111,"column":8},"end":{"line":111,"column":null}},"24":{"start":{"line":113,"column":8},"end":{"line":113,"column":null}},"25":{"start":{"line":117,"column":28},"end":{"line":117,"column":null}},"26":{"start":{"line":119,"column":8},"end":{"line":119,"column":null}},"27":{"start":{"line":121,"column":8},"end":{"line":124,"column":null}},"28":{"start":{"line":126,"column":8},"end":{"line":126,"column":null}}},"fnMap":{"0":{"name":"constructor","decl":{"start":{"line":10,"column":4},"end":{"line":10,"column":null}},"loc":{"start":{"line":16,"column":6},"end":{"line":50,"column":null}},"line":16},"1":{"name":"(anonymous_1)","decl":{"start":{"line":52,"column":4},"end":{"line":52,"column":27}},"loc":{"start":{"line":52,"column":27},"end":{"line":79,"column":null}},"line":52},"2":{"name":"name","decl":{"start":{"line":81,"column":8},"end":{"line":81,"column":23}},"loc":{"start":{"line":81,"column":23},"end":{"line":83,"column":null}},"line":81},"3":{"name":"description","decl":{"start":{"line":85,"column":8},"end":{"line":85,"column":30}},"loc":{"start":{"line":85,"column":30},"end":{"line":87,"column":null}},"line":85},"4":{"name":"cost","decl":{"start":{"line":89,"column":8},"end":{"line":89,"column":23}},"loc":{"start":{"line":89,"column":23},"end":{"line":91,"column":null}},"line":89},"5":{"name":"stardustPerSecond","decl":{"start":{"line":93,"column":8},"end":{"line":93,"column":36}},"loc":{"start":{"line":93,"column":36},"end":{"line":95,"column":null}},"line":93},"6":{"name":"quantity","decl":{"start":{"line":97,"column":8},"end":{"line":97,"column":27}},"loc":{"start":{"line":97,"column":27},"end":{"line":99,"column":null}},"line":97},"7":{"name":"totalProduction","decl":{"start":{"line":101,"column":8},"end":{"line":101,"column":34}},"loc":{"start":{"line":101,"column":34},"end":{"line":103,"column":null}},"line":101},"8":{"name":"restoreQuantity","decl":{"start":{"line":105,"column":4},"end":{"line":105,"column":20}},"loc":{"start":{"line":105,"column":44},"end":{"line":114,"column":null}},"line":105},"9":{"name":"purchase","decl":{"start":{"line":116,"column":4},"end":{"line":116,"column":21}},"loc":{"start":{"line":116,"column":21},"end":{"line":127,"column":null}},"line":116}},"branchMap":{"0":{"loc":{"start":{"line":15,"column":8},"end":{"line":15,"column":null}},"type":"default-arg","locations":[{"start":{"line":15,"column":19},"end":{"line":15,"column":null}}],"line":15},"1":{"loc":{"start":{"line":28,"column":12},"end":{"line":28,"column":null}},"type":"binary-expr","locations":[{"start":{"line":28,"column":12},"end":{"line":28,"column":38}},{"start":{"line":28,"column":38},"end":{"line":28,"column":null}}],"line":28},"2":{"loc":{"start":{"line":33,"column":12},"end":{"line":34,"column":null}},"type":"binary-expr","locations":[{"start":{"line":33,"column":12},"end":{"line":33,"column":null}},{"start":{"line":34,"column":15},"end":{"line":34,"column":null}}],"line":33},"3":{"loc":{"start":{"line":39,"column":12},"end":{"line":39,"column":null}},"type":"binary-expr","locations":[{"start":{"line":39,"column":12},"end":{"line":39,"column":42}},{"start":{"line":39,"column":42},"end":{"line":39,"column":null}}],"line":39},"4":{"loc":{"start":{"line":64,"column":12},"end":{"line":64,"column":null}},"type":"binary-expr","locations":[{"start":{"line":64,"column":12},"end":{"line":64,"column":44}},{"start":{"line":64,"column":44},"end":{"line":64,"column":null}}],"line":64},"5":{"loc":{"start":{"line":69,"column":12},"end":{"line":70,"column":null}},"type":"binary-expr","locations":[{"start":{"line":69,"column":12},"end":{"line":69,"column":null}},{"start":{"line":70,"column":15},"end":{"line":70,"column":null}}],"line":69},"6":{"loc":{"start":{"line":75,"column":12},"end":{"line":76,"column":null}},"type":"binary-expr","locations":[{"start":{"line":75,"column":12},"end":{"line":75,"column":null}},{"start":{"line":76,"column":15},"end":{"line":76,"column":null}}],"line":75},"7":{"loc":{"start":{"line":107,"column":12},"end":{"line":107,"column":null}},"type":"binary-expr","locations":[{"start":{"line":107,"column":12},"end":{"line":107,"column":42}},{"start":{"line":107,"column":42},"end":{"line":107,"column":null}}],"line":107}},"s":{"0":93,"1":93,"2":93,"3":93,"4":93,"5":93,"6":93,"7":93,"8":93,"9":93,"10":93,"11":113,"12":113,"13":113,"14":113,"15":113,"16":38,"17":1,"18":30,"19":1,"20":30,"21":23,"22":12,"23":12,"24":12,"25":8,"26":8,"27":8,"28":8},"f":{"0":93,"1":113,"2":38,"3":1,"4":30,"5":1,"6":30,"7":23,"8":12,"9":8},"b":{"0":[93],"1":[93,93],"2":[93,93],"3":[93,93],"4":[113,113],"5":[113,113],"6":[113,113],"7":[12,12]},"meta":{"lastBranch":8,"lastFunction":10,"lastStatement":29,"seen":{"f:10:4:10:Infinity":0,"b:15:19:15:Infinity":0,"s:17:8:20:Infinity":0,"s:22:8:25:Infinity":1,"s:27:8:30:Infinity":2,"b:28:12:28:38:28:38:28:Infinity":1,"s:32:8:36:Infinity":3,"b:33:12:33:Infinity:34:15:34:Infinity":2,"s:38:8:41:Infinity":4,"b:39:12:39:42:39:42:39:Infinity":3,"s:43:8:43:Infinity":5,"s:44:8:44:Infinity":6,"s:45:8:45:Infinity":7,"s:46:8:46:Infinity":8,"s:47:8:47:Infinity":9,"s:49:8:49:Infinity":10,"f:52:4:52:27":1,"s:53:8:56:Infinity":11,"s:58:8:61:Infinity":12,"s:63:8:66:Infinity":13,"b:64:12:64:44:64:44:64:Infinity":4,"s:68:8:72:Infinity":14,"b:69:12:69:Infinity:70:15:70:Infinity":5,"s:74:8:78:Infinity":15,"b:75:12:75:Infinity:76:15:76:Infinity":6,"f:81:8:81:23":2,"s:82:8:82:Infinity":16,"f:85:8:85:30":3,"s:86:8:86:Infinity":17,"f:89:8:89:23":4,"s:90:8:90:Infinity":18,"f:93:8:93:36":5,"s:94:8:94:Infinity":19,"f:97:8:97:27":6,"s:98:8:98:Infinity":20,"f:101:8:101:34":7,"s:102:8:102:Infinity":21,"f:105:4:105:20":8,"s:106:8:109:Infinity":22,"b:107:12:107:42:107:42:107:Infinity":7,"s:111:8:111:Infinity":23,"s:113:8:113:Infinity":24,"f:116:4:116:21":9,"s:117:28:117:Infinity":25,"s:119:8:119:Infinity":26,"s:121:8:124:Infinity":27,"s:126:8:126:Infinity":28},"fnNames":{}}}
,"/Users/ekehemeka/Desktop/Comp-2452 /src/model/game-store.ts": {"path":"/Users/ekehemeka/Desktop/Comp-2452 /src/model/game-store.ts","statementMap":{"0":{"start":{"line":35,"column":12},"end":{"line":45,"column":null}},"1":{"start":{"line":47,"column":8},"end":{"line":53,"column":null}},"2":{"start":{"line":48,"column":12},"end":{"line":52,"column":null}},"3":{"start":{"line":55,"column":24},"end":{"line":55,"column":null}},"4":{"start":{"line":58,"column":12},"end":{"line":68,"column":null}},"5":{"start":{"line":70,"column":8},"end":{"line":74,"column":null}},"6":{"start":{"line":71,"column":12},"end":{"line":73,"column":null}},"7":{"start":{"line":76,"column":24},"end":{"line":76,"column":null}},"8":{"start":{"line":79,"column":12},"end":{"line":87,"column":null}},"9":{"start":{"line":89,"column":31},"end":{"line":93,"column":null}},"10":{"start":{"line":91,"column":25},"end":{"line":91,"column":null}},"11":{"start":{"line":95,"column":8},"end":{"line":99,"column":null}},"12":{"start":{"line":96,"column":12},"end":{"line":98,"column":null}},"13":{"start":{"line":97,"column":16},"end":{"line":97,"column":null}},"14":{"start":{"line":102,"column":12},"end":{"line":111,"column":null}},"15":{"start":{"line":113,"column":35},"end":{"line":120,"column":null}},"16":{"start":{"line":115,"column":25},"end":{"line":118,"column":null}},"17":{"start":{"line":122,"column":8},"end":{"line":129,"column":null}},"18":{"start":{"line":124,"column":16},"end":{"line":124,"column":null}},"19":{"start":{"line":126,"column":12},"end":{"line":128,"column":null}},"20":{"start":{"line":127,"column":16},"end":{"line":127,"column":null}},"21":{"start":{"line":131,"column":21},"end":{"line":135,"column":null}},"22":{"start":{"line":137,"column":8},"end":{"line":143,"column":null}},"23":{"start":{"line":151,"column":21},"end":{"line":154,"column":null}},"24":{"start":{"line":156,"column":21},"end":{"line":160,"column":null}},"25":{"start":{"line":162,"column":8},"end":{"line":176,"column":null}},"26":{"start":{"line":178,"column":8},"end":{"line":194,"column":null}},"27":{"start":{"line":196,"column":8},"end":{"line":196,"column":null}},"28":{"start":{"line":203,"column":8},"end":{"line":216,"column":null}},"29":{"start":{"line":218,"column":8},"end":{"line":233,"column":null}},"30":{"start":{"line":235,"column":8},"end":{"line":241,"column":null}},"31":{"start":{"line":243,"column":8},"end":{"line":261,"column":null}},"32":{"start":{"line":244,"column":12},"end":{"line":260,"column":null}},"33":{"start":{"line":245,"column":16},"end":{"line":259,"column":null}},"34":{"start":{"line":263,"column":8},"end":{"line":282,"column":null}},"35":{"start":{"line":264,"column":12},"end":{"line":281,"column":null}}},"fnMap":{"0":{"name":"loadOrCreate","decl":{"start":{"line":29,"column":17},"end":{"line":29,"column":null}},"loc":{"start":{"line":33,"column":21},"end":{"line":144,"column":null}},"line":33},"1":{"name":"(anonymous_1)","decl":{"start":{"line":90,"column":33},"end":{"line":90,"column":null}},"loc":{"start":{"line":91,"column":25},"end":{"line":91,"column":null}},"line":91},"2":{"name":"(anonymous_2)","decl":{"start":{"line":114,"column":32},"end":{"line":114,"column":null}},"loc":{"start":{"line":115,"column":25},"end":{"line":118,"column":null}},"line":115},"3":{"name":"create","decl":{"start":{"line":146,"column":17},"end":{"line":146,"column":null}},"loc":{"start":{"line":150,"column":21},"end":{"line":197,"column":null}},"line":150},"4":{"name":"save","decl":{"start":{"line":199,"column":17},"end":{"line":199,"column":null}},"loc":{"start":{"line":202,"column":21},"end":{"line":283,"column":null}},"line":202}},"branchMap":{"0":{"loc":{"start":{"line":47,"column":8},"end":{"line":53,"column":null}},"type":"if","locations":[{"start":{"line":47,"column":8},"end":{"line":53,"column":null}},{"start":{},"end":{}}],"line":47},"1":{"loc":{"start":{"line":70,"column":8},"end":{"line":74,"column":null}},"type":"if","locations":[{"start":{"line":70,"column":8},"end":{"line":74,"column":null}},{"start":{},"end":{}}],"line":70},"2":{"loc":{"start":{"line":96,"column":12},"end":{"line":98,"column":null}},"type":"if","locations":[{"start":{"line":96,"column":12},"end":{"line":98,"column":null}},{"start":{},"end":{}}],"line":96},"3":{"loc":{"start":{"line":126,"column":12},"end":{"line":128,"column":null}},"type":"if","locations":[{"start":{"line":126,"column":12},"end":{"line":128,"column":null}},{"start":{},"end":{}}],"line":126},"4":{"loc":{"start":{"line":244,"column":12},"end":{"line":260,"column":null}},"type":"if","locations":[{"start":{"line":244,"column":12},"end":{"line":260,"column":null}},{"start":{},"end":{}}],"line":244}},"s":{"0":11,"1":11,"2":7,"3":4,"4":4,"5":4,"6":1,"7":3,"8":3,"9":3,"10":1,"11":3,"12":6,"13":1,"14":3,"15":3,"16":6,"17":3,"18":6,"19":6,"20":6,"21":3,"22":3,"23":7,"24":7,"25":7,"26":7,"27":7,"28":4,"29":4,"30":4,"31":4,"32":8,"33":1,"34":4,"35":8},"f":{"0":1,"1":1,"2":6,"3":1,"4":1},"b":{"0":[7,4],"1":[1,3],"2":[1,5],"3":[6,0],"4":[1,7]},"meta":{"lastBranch":5,"lastFunction":5,"lastStatement":36,"seen":{"f:29:17:29:Infinity":0,"s:35:12:45:Infinity":0,"b:47:8:53:Infinity:undefined:undefined:undefined:undefined":0,"s:47:8:53:Infinity":1,"s:48:12:52:Infinity":2,"s:55:24:55:Infinity":3,"s:58:12:68:Infinity":4,"b:70:8:74:Infinity:undefined:undefined:undefined:undefined":1,"s:70:8:74:Infinity":5,"s:71:12:73:Infinity":6,"s:76:24:76:Infinity":7,"s:79:12:87:Infinity":8,"s:89:31:93:Infinity":9,"f:90:33:90:Infinity":1,"s:91:25:91:Infinity":10,"s:95:8:99:Infinity":11,"b:96:12:98:Infinity:undefined:undefined:undefined:undefined":2,"s:96:12:98:Infinity":12,"s:97:16:97:Infinity":13,"s:102:12:111:Infinity":14,"s:113:35:120:Infinity":15,"f:114:32:114:Infinity":2,"s:115:25:118:Infinity":16,"s:122:8:129:Infinity":17,"s:124:16:124:Infinity":18,"b:126:12:128:Infinity:undefined:undefined:undefined:undefined":3,"s:126:12:128:Infinity":19,"s:127:16:127:Infinity":20,"s:131:21:135:Infinity":21,"s:137:8:143:Infinity":22,"f:146:17:146:Infinity":3,"s:151:21:154:Infinity":23,"s:156:21:160:Infinity":24,"s:162:8:176:Infinity":25,"s:178:8:194:Infinity":26,"s:196:8:196:Infinity":27,"f:199:17:199:Infinity":4,"s:203:8:216:Infinity":28,"s:218:8:233:Infinity":29,"s:235:8:241:Infinity":30,"s:243:8:261:Infinity":31,"b:244:12:260:Infinity:undefined:undefined:undefined:undefined":4,"s:244:12:260:Infinity":32,"s:245:16:259:Infinity":33,"s:263:8:282:Infinity":34,"s:264:12:281:Infinity":35},"fnNames":{}}}
,"/Users/ekehemeka/Desktop/Comp-2452 /src/model/game.ts": {"path":"/Users/ekehemeka/Desktop/Comp-2452 /src/model/game.ts","statementMap":{"0":{"start":{"line":64,"column":8},"end":{"line":67,"column":null}},"1":{"start":{"line":69,"column":8},"end":{"line":73,"column":null}},"2":{"start":{"line":75,"column":8},"end":{"line":81,"column":null}},"3":{"start":{"line":78,"column":20},"end":{"line":78,"column":null}},"4":{"start":{"line":83,"column":8},"end":{"line":86,"column":null}},"5":{"start":{"line":88,"column":8},"end":{"line":94,"column":null}},"6":{"start":{"line":91,"column":20},"end":{"line":91,"column":null}},"7":{"start":{"line":96,"column":8},"end":{"line":100,"column":null}},"8":{"start":{"line":102,"column":8},"end":{"line":106,"column":null}},"9":{"start":{"line":109,"column":12},"end":{"line":112,"column":null}},"10":{"start":{"line":111,"column":20},"end":{"line":111,"column":null}},"11":{"start":{"line":115,"column":12},"end":{"line":118,"column":null}},"12":{"start":{"line":117,"column":20},"end":{"line":117,"column":null}},"13":{"start":{"line":120,"column":8},"end":{"line":123,"column":null}},"14":{"start":{"line":125,"column":8},"end":{"line":128,"column":null}},"15":{"start":{"line":130,"column":8},"end":{"line":130,"column":null}},"16":{"start":{"line":131,"column":8},"end":{"line":131,"column":null}},"17":{"start":{"line":132,"column":8},"end":{"line":132,"column":null}},"18":{"start":{"line":133,"column":8},"end":{"line":133,"column":null}},"19":{"start":{"line":134,"column":8},"end":{"line":134,"column":null}},"20":{"start":{"line":135,"column":8},"end":{"line":135,"column":null}},"21":{"start":{"line":137,"column":8},"end":{"line":139,"column":null}},"22":{"start":{"line":141,"column":8},"end":{"line":141,"column":null}},"23":{"start":{"line":142,"column":8},"end":{"line":142,"column":null}},"24":{"start":{"line":148,"column":8},"end":{"line":148,"column":null}},"25":{"start":{"line":150,"column":8},"end":{"line":150,"column":null}},"26":{"start":{"line":154,"column":8},"end":{"line":158,"column":null}},"27":{"start":{"line":160,"column":8},"end":{"line":164,"column":null}},"28":{"start":{"line":166,"column":8},"end":{"line":169,"column":null}},"29":{"start":{"line":171,"column":8},"end":{"line":175,"column":null}},"30":{"start":{"line":177,"column":8},"end":{"line":183,"column":null}},"31":{"start":{"line":180,"column":20},"end":{"line":180,"column":null}},"32":{"start":{"line":185,"column":8},"end":{"line":188,"column":null}},"33":{"start":{"line":190,"column":8},"end":{"line":196,"column":null}},"34":{"start":{"line":193,"column":20},"end":{"line":193,"column":null}},"35":{"start":{"line":199,"column":12},"end":{"line":202,"column":null}},"36":{"start":{"line":201,"column":20},"end":{"line":201,"column":null}},"37":{"start":{"line":205,"column":12},"end":{"line":208,"column":null}},"38":{"start":{"line":207,"column":20},"end":{"line":207,"column":null}},"39":{"start":{"line":210,"column":8},"end":{"line":213,"column":null}},"40":{"start":{"line":215,"column":8},"end":{"line":218,"column":null}},"41":{"start":{"line":220,"column":8},"end":{"line":223,"column":null}},"42":{"start":{"line":227,"column":8},"end":{"line":231,"column":null}},"43":{"start":{"line":229,"column":16},"end":{"line":229,"column":null}},"44":{"start":{"line":238,"column":12},"end":{"line":238,"column":null}},"45":{"start":{"line":240,"column":8},"end":{"line":243,"column":null}},"46":{"start":{"line":241,"column":12},"end":{"line":242,"column":null}},"47":{"start":{"line":250,"column":12},"end":{"line":253,"column":null}},"48":{"start":{"line":252,"column":20},"end":{"line":252,"column":null}},"49":{"start":{"line":255,"column":8},"end":{"line":257,"column":null}},"50":{"start":{"line":256,"column":12},"end":{"line":256,"column":null}},"51":{"start":{"line":260,"column":12},"end":{"line":263,"column":null}},"52":{"start":{"line":262,"column":20},"end":{"line":262,"column":null}},"53":{"start":{"line":265,"column":8},"end":{"line":267,"column":null}},"54":{"start":{"line":266,"column":12},"end":{"line":266,"column":null}},"55":{"start":{"line":269,"column":8},"end":{"line":269,"column":null}},"56":{"start":{"line":273,"column":8},"end":{"line":278,"column":null}},"57":{"start":{"line":277,"column":12},"end":{"line":277,"column":null}},"58":{"start":{"line":281,"column":12},"end":{"line":283,"column":null}},"59":{"start":{"line":286,"column":12},"end":{"line":286,"column":null}},"60":{"start":{"line":288,"column":8},"end":{"line":290,"column":null}},"61":{"start":{"line":289,"column":12},"end":{"line":289,"column":null}},"62":{"start":{"line":293,"column":12},"end":{"line":295,"column":null}},"63":{"start":{"line":297,"column":8},"end":{"line":299,"column":null}},"64":{"start":{"line":298,"column":12},"end":{"line":298,"column":null}},"65":{"start":{"line":301,"column":8},"end":{"line":312,"column":null}},"66":{"start":{"line":302,"column":12},"end":{"line":307,"column":null}},"67":{"start":{"line":306,"column":16},"end":{"line":306,"column":null}},"68":{"start":{"line":309,"column":12},"end":{"line":309,"column":null}},"69":{"start":{"line":311,"column":12},"end":{"line":311,"column":null}},"70":{"start":{"line":314,"column":8},"end":{"line":316,"column":null}},"71":{"start":{"line":315,"column":12},"end":{"line":315,"column":null}},"72":{"start":{"line":318,"column":8},"end":{"line":318,"column":null}},"73":{"start":{"line":324,"column":8},"end":{"line":328,"column":null}},"74":{"start":{"line":330,"column":8},"end":{"line":338,"column":null}},"75":{"start":{"line":335,"column":12},"end":{"line":337,"column":null}},"76":{"start":{"line":340,"column":8},"end":{"line":345,"column":null}},"77":{"start":{"line":347,"column":8},"end":{"line":347,"column":null}},"78":{"start":{"line":351,"column":8},"end":{"line":351,"column":null}},"79":{"start":{"line":355,"column":8},"end":{"line":355,"column":null}},"80":{"start":{"line":359,"column":8},"end":{"line":359,"column":null}},"81":{"start":{"line":363,"column":8},"end":{"line":363,"column":null}},"82":{"start":{"line":367,"column":8},"end":{"line":367,"column":null}},"83":{"start":{"line":371,"column":8},"end":{"line":376,"column":null}},"84":{"start":{"line":373,"column":16},"end":{"line":374,"column":null}},"85":{"start":{"line":380,"column":8},"end":{"line":380,"column":null}},"86":{"start":{"line":384,"column":8},"end":{"line":384,"column":null}},"87":{"start":{"line":390,"column":8},"end":{"line":391,"column":null}},"88":{"start":{"line":395,"column":8},"end":{"line":398,"column":null}},"89":{"start":{"line":400,"column":8},"end":{"line":400,"column":null}},"90":{"start":{"line":402,"column":8},"end":{"line":402,"column":null}},"91":{"start":{"line":404,"column":8},"end":{"line":404,"column":null}},"92":{"start":{"line":408,"column":8},"end":{"line":408,"column":null}},"93":{"start":{"line":410,"column":8},"end":{"line":410,"column":null}},"94":{"start":{"line":415,"column":12},"end":{"line":415,"column":null}},"95":{"start":{"line":418,"column":12},"end":{"line":418,"column":null}},"96":{"start":{"line":421,"column":12},"end":{"line":421,"column":null}},"97":{"start":{"line":423,"column":8},"end":{"line":423,"column":null}},"98":{"start":{"line":425,"column":8},"end":{"line":426,"column":null}},"99":{"start":{"line":428,"column":8},"end":{"line":431,"column":null}},"100":{"start":{"line":433,"column":8},"end":{"line":437,"column":null}},"101":{"start":{"line":439,"column":8},"end":{"line":444,"column":null}},"102":{"start":{"line":446,"column":8},"end":{"line":446,"column":null}},"103":{"start":{"line":448,"column":8},"end":{"line":448,"column":null}},"104":{"start":{"line":454,"column":8},"end":{"line":454,"column":null}},"105":{"start":{"line":460,"column":8},"end":{"line":465,"column":null}},"106":{"start":{"line":467,"column":8},"end":{"line":478,"column":null}},"107":{"start":{"line":468,"column":12},"end":{"line":473,"column":null}},"108":{"start":{"line":475,"column":12},"end":{"line":475,"column":null}},"109":{"start":{"line":477,"column":12},"end":{"line":477,"column":null}},"110":{"start":{"line":480,"column":8},"end":{"line":495,"column":null}},"111":{"start":{"line":484,"column":12},"end":{"line":490,"column":null}},"112":{"start":{"line":492,"column":12},"end":{"line":492,"column":null}},"113":{"start":{"line":494,"column":12},"end":{"line":494,"column":null}},"114":{"start":{"line":498,"column":12},"end":{"line":498,"column":null}},"115":{"start":{"line":501,"column":12},"end":{"line":501,"column":null}},"116":{"start":{"line":504,"column":12},"end":{"line":506,"column":null}},"117":{"start":{"line":508,"column":8},"end":{"line":509,"column":null}},"118":{"start":{"line":511,"column":8},"end":{"line":512,"column":null}},"119":{"start":{"line":514,"column":8},"end":{"line":519,"column":null}},"120":{"start":{"line":526,"column":8},"end":{"line":528,"column":null}},"121":{"start":{"line":530,"column":8},"end":{"line":535,"column":null}},"122":{"start":{"line":537,"column":8},"end":{"line":541,"column":null}},"123":{"start":{"line":543,"column":8},"end":{"line":546,"column":null}},"124":{"start":{"line":548,"column":8},"end":{"line":548,"column":null}},"125":{"start":{"line":550,"column":8},"end":{"line":550,"column":null}},"126":{"start":{"line":552,"column":8},"end":{"line":552,"column":null}},"127":{"start":{"line":558,"column":8},"end":{"line":563,"column":null}},"128":{"start":{"line":565,"column":8},"end":{"line":580,"column":null}},"129":{"start":{"line":569,"column":12},"end":{"line":575,"column":null}},"130":{"start":{"line":577,"column":12},"end":{"line":577,"column":null}},"131":{"start":{"line":579,"column":12},"end":{"line":579,"column":null}},"132":{"start":{"line":583,"column":12},"end":{"line":583,"column":null}},"133":{"start":{"line":586,"column":12},"end":{"line":586,"column":null}},"134":{"start":{"line":588,"column":8},"end":{"line":588,"column":null}},"135":{"start":{"line":590,"column":8},"end":{"line":591,"column":null}},"136":{"start":{"line":593,"column":8},"end":{"line":598,"column":null}},"137":{"start":{"line":604,"column":8},"end":{"line":606,"column":null}},"138":{"start":{"line":608,"column":8},"end":{"line":612,"column":null}},"139":{"start":{"line":614,"column":8},"end":{"line":619,"column":null}},"140":{"start":{"line":621,"column":8},"end":{"line":621,"column":null}},"141":{"start":{"line":623,"column":8},"end":{"line":623,"column":null}},"142":{"start":{"line":625,"column":8},"end":{"line":625,"column":null}},"143":{"start":{"line":630,"column":12},"end":{"line":630,"column":null}},"144":{"start":{"line":632,"column":8},"end":{"line":634,"column":null}},"145":{"start":{"line":633,"column":12},"end":{"line":633,"column":null}},"146":{"start":{"line":637,"column":12},"end":{"line":637,"column":null}},"147":{"start":{"line":639,"column":8},"end":{"line":640,"column":null}},"148":{"start":{"line":642,"column":8},"end":{"line":647,"column":null}},"149":{"start":{"line":649,"column":8},"end":{"line":653,"column":null}},"150":{"start":{"line":655,"column":8},"end":{"line":655,"column":null}},"151":{"start":{"line":657,"column":8},"end":{"line":657,"column":null}},"152":{"start":{"line":663,"column":8},"end":{"line":663,"column":null}}},"fnMap":{"0":{"name":"constructor","decl":{"start":{"line":57,"column":4},"end":{"line":57,"column":null}},"loc":{"start":{"line":63,"column":6},"end":{"line":151,"column":null}},"line":63},"1":{"name":"(anonymous_1)","decl":{"start":{"line":76,"column":21},"end":{"line":76,"column":null}},"loc":{"start":{"line":78,"column":20},"end":{"line":78,"column":null}},"line":78},"2":{"name":"(anonymous_2)","decl":{"start":{"line":89,"column":22},"end":{"line":89,"column":null}},"loc":{"start":{"line":91,"column":20},"end":{"line":91,"column":null}},"line":91},"3":{"name":"(anonymous_3)","decl":{"start":{"line":109,"column":21},"end":{"line":109,"column":null}},"loc":{"start":{"line":111,"column":20},"end":{"line":111,"column":null}},"line":111},"4":{"name":"(anonymous_4)","decl":{"start":{"line":115,"column":21},"end":{"line":115,"column":null}},"loc":{"start":{"line":117,"column":20},"end":{"line":117,"column":null}},"line":117},"5":{"name":"(anonymous_5)","decl":{"start":{"line":153,"column":4},"end":{"line":153,"column":23}},"loc":{"start":{"line":153,"column":23},"end":{"line":224,"column":null}},"line":153},"6":{"name":"(anonymous_6)","decl":{"start":{"line":178,"column":27},"end":{"line":178,"column":null}},"loc":{"start":{"line":180,"column":20},"end":{"line":180,"column":null}},"line":180},"7":{"name":"(anonymous_7)","decl":{"start":{"line":191,"column":28},"end":{"line":191,"column":null}},"loc":{"start":{"line":193,"column":20},"end":{"line":193,"column":null}},"line":193},"8":{"name":"(anonymous_8)","decl":{"start":{"line":199,"column":27},"end":{"line":199,"column":null}},"loc":{"start":{"line":201,"column":20},"end":{"line":201,"column":null}},"line":201},"9":{"name":"(anonymous_9)","decl":{"start":{"line":205,"column":27},"end":{"line":205,"column":null}},"loc":{"start":{"line":207,"column":20},"end":{"line":207,"column":null}},"line":207},"10":{"name":"(anonymous_10)","decl":{"start":{"line":226,"column":4},"end":{"line":226,"column":23}},"loc":{"start":{"line":226,"column":23},"end":{"line":232,"column":null}},"line":226},"11":{"name":"(anonymous_11)","decl":{"start":{"line":227,"column":24},"end":{"line":227,"column":null}},"loc":{"start":{"line":228,"column":26},"end":{"line":230,"column":null}},"line":228},"12":{"name":"(anonymous_12)","decl":{"start":{"line":234,"column":4},"end":{"line":234,"column":null}},"loc":{"start":{"line":236,"column":12},"end":{"line":244,"column":null}},"line":236},"13":{"name":"(anonymous_13)","decl":{"start":{"line":246,"column":4},"end":{"line":246,"column":null}},"loc":{"start":{"line":248,"column":33},"end":{"line":270,"column":null}},"line":248},"14":{"name":"(anonymous_14)","decl":{"start":{"line":250,"column":27},"end":{"line":250,"column":null}},"loc":{"start":{"line":252,"column":20},"end":{"line":252,"column":null}},"line":252},"15":{"name":"(anonymous_15)","decl":{"start":{"line":260,"column":28},"end":{"line":260,"column":null}},"loc":{"start":{"line":262,"column":20},"end":{"line":262,"column":null}},"line":262},"16":{"name":"(anonymous_16)","decl":{"start":{"line":272,"column":4},"end":{"line":272,"column":28}},"loc":{"start":{"line":272,"column":28},"end":{"line":319,"column":null}},"line":272},"17":{"name":"registerListener","decl":{"start":{"line":321,"column":4},"end":{"line":321,"column":null}},"loc":{"start":{"line":323,"column":12},"end":{"line":348,"column":null}},"line":323},"18":{"name":"star","decl":{"start":{"line":350,"column":8},"end":{"line":350,"column":21}},"loc":{"start":{"line":350,"column":21},"end":{"line":352,"column":null}},"line":350},"19":{"name":"upgrades","decl":{"start":{"line":354,"column":8},"end":{"line":354,"column":39}},"loc":{"start":{"line":354,"column":39},"end":{"line":356,"column":null}},"line":354},"20":{"name":"buildings","decl":{"start":{"line":358,"column":8},"end":{"line":358,"column":41}},"loc":{"start":{"line":358,"column":41},"end":{"line":360,"column":null}},"line":358},"21":{"name":"stardust","decl":{"start":{"line":362,"column":8},"end":{"line":362,"column":27}},"loc":{"start":{"line":362,"column":27},"end":{"line":364,"column":null}},"line":362},"22":{"name":"clickPower","decl":{"start":{"line":366,"column":8},"end":{"line":366,"column":29}},"loc":{"start":{"line":366,"column":29},"end":{"line":368,"column":null}},"line":366},"23":{"name":"stardustPerSecond","decl":{"start":{"line":370,"column":8},"end":{"line":370,"column":36}},"loc":{"start":{"line":370,"column":36},"end":{"line":377,"column":null}},"line":370},"24":{"name":"(anonymous_24)","decl":{"start":{"line":371,"column":31},"end":{"line":371,"column":null}},"loc":{"start":{"line":373,"column":16},"end":{"line":374,"column":null}},"line":373},"25":{"name":"lastEvent","decl":{"start":{"line":379,"column":8},"end":{"line":379,"column":31}},"loc":{"start":{"line":379,"column":31},"end":{"line":381,"column":null}},"line":379},"26":{"name":"roboBuyEnabled","decl":{"start":{"line":383,"column":8},"end":{"line":383,"column":34}},"loc":{"start":{"line":383,"column":34},"end":{"line":385,"column":null}},"line":383},"27":{"name":"setMarkovModel","decl":{"start":{"line":387,"column":4},"end":{"line":387,"column":null}},"loc":{"start":{"line":389,"column":12},"end":{"line":392,"column":null}},"line":389},"28":{"name":"enableRoboBuy","decl":{"start":{"line":394,"column":4},"end":{"line":394,"column":26}},"loc":{"start":{"line":394,"column":26},"end":{"line":405,"column":null}},"line":394},"29":{"name":"disableRoboBuy","decl":{"start":{"line":407,"column":4},"end":{"line":407,"column":27}},"loc":{"start":{"line":407,"column":27},"end":{"line":411,"column":null}},"line":407},"30":{"name":"click","decl":{"start":{"line":413,"column":4},"end":{"line":413,"column":18}},"loc":{"start":{"line":413,"column":18},"end":{"line":455,"column":null}},"line":413},"31":{"name":"purchaseUpgrade","decl":{"start":{"line":457,"column":4},"end":{"line":457,"column":null}},"loc":{"start":{"line":459,"column":15},"end":{"line":553,"column":null}},"line":459},"32":{"name":"purchaseBuilding","decl":{"start":{"line":555,"column":4},"end":{"line":555,"column":null}},"loc":{"start":{"line":557,"column":15},"end":{"line":626,"column":null}},"line":557},"33":{"name":"collectPassiveStardust","decl":{"start":{"line":628,"column":4},"end":{"line":628,"column":35}},"loc":{"start":{"line":628,"column":35},"end":{"line":664,"column":null}},"line":628}},"branchMap":{"0":{"loc":{"start":{"line":61,"column":8},"end":{"line":61,"column":null}},"type":"default-arg","locations":[{"start":{"line":61,"column":19},"end":{"line":61,"column":null}}],"line":61},"1":{"loc":{"start":{"line":62,"column":8},"end":{"line":62,"column":null}},"type":"default-arg","locations":[{"start":{"line":62,"column":21},"end":{"line":62,"column":null}}],"line":62},"2":{"loc":{"start":{"line":70,"column":12},"end":{"line":71,"column":null}},"type":"binary-expr","locations":[{"start":{"line":70,"column":12},"end":{"line":70,"column":null}},{"start":{"line":71,"column":15},"end":{"line":71,"column":null}}],"line":70},"3":{"loc":{"start":{"line":97,"column":12},"end":{"line":98,"column":null}},"type":"binary-expr","locations":[{"start":{"line":97,"column":12},"end":{"line":97,"column":null}},{"start":{"line":98,"column":15},"end":{"line":98,"column":null}}],"line":97},"4":{"loc":{"start":{"line":103,"column":12},"end":{"line":104,"column":null}},"type":"binary-expr","locations":[{"start":{"line":103,"column":12},"end":{"line":103,"column":null}},{"start":{"line":104,"column":15},"end":{"line":104,"column":null}}],"line":103},"5":{"loc":{"start":{"line":155,"column":12},"end":{"line":156,"column":null}},"type":"binary-expr","locations":[{"start":{"line":155,"column":12},"end":{"line":155,"column":null}},{"start":{"line":156,"column":15},"end":{"line":156,"column":null}}],"line":155},"6":{"loc":{"start":{"line":161,"column":12},"end":{"line":162,"column":null}},"type":"binary-expr","locations":[{"start":{"line":161,"column":12},"end":{"line":161,"column":null}},{"start":{"line":162,"column":15},"end":{"line":162,"column":null}}],"line":161},"7":{"loc":{"start":{"line":172,"column":12},"end":{"line":173,"column":null}},"type":"binary-expr","locations":[{"start":{"line":172,"column":12},"end":{"line":172,"column":null}},{"start":{"line":173,"column":15},"end":{"line":173,"column":null}}],"line":172},"8":{"loc":{"start":{"line":240,"column":8},"end":{"line":243,"column":null}},"type":"if","locations":[{"start":{"line":240,"column":8},"end":{"line":243,"column":null}},{"start":{},"end":{}}],"line":240},"9":{"loc":{"start":{"line":255,"column":8},"end":{"line":257,"column":null}},"type":"if","locations":[{"start":{"line":255,"column":8},"end":{"line":257,"column":null}},{"start":{},"end":{}}],"line":255},"10":{"loc":{"start":{"line":265,"column":8},"end":{"line":267,"column":null}},"type":"if","locations":[{"start":{"line":265,"column":8},"end":{"line":267,"column":null}},{"start":{},"end":{}}],"line":265},"11":{"loc":{"start":{"line":273,"column":8},"end":{"line":278,"column":null}},"type":"if","locations":[{"start":{"line":273,"column":8},"end":{"line":278,"column":null}},{"start":{},"end":{}}],"line":273},"12":{"loc":{"start":{"line":274,"column":12},"end":{"line":275,"column":null}},"type":"binary-expr","locations":[{"start":{"line":274,"column":12},"end":{"line":274,"column":null}},{"start":{"line":275,"column":15},"end":{"line":275,"column":null}}],"line":274},"13":{"loc":{"start":{"line":288,"column":8},"end":{"line":290,"column":null}},"type":"if","locations":[{"start":{"line":288,"column":8},"end":{"line":290,"column":null}},{"start":{},"end":{}}],"line":288},"14":{"loc":{"start":{"line":297,"column":8},"end":{"line":299,"column":null}},"type":"if","locations":[{"start":{"line":297,"column":8},"end":{"line":299,"column":null}},{"start":{},"end":{}}],"line":297},"15":{"loc":{"start":{"line":301,"column":8},"end":{"line":312,"column":null}},"type":"if","locations":[{"start":{"line":301,"column":8},"end":{"line":312,"column":null}},{"start":{},"end":{}}],"line":301},"16":{"loc":{"start":{"line":302,"column":12},"end":{"line":307,"column":null}},"type":"if","locations":[{"start":{"line":302,"column":12},"end":{"line":307,"column":null}},{"start":{},"end":{}}],"line":302},"17":{"loc":{"start":{"line":303,"column":16},"end":{"line":304,"column":null}},"type":"binary-expr","locations":[{"start":{"line":303,"column":16},"end":{"line":303,"column":null}},{"start":{"line":304,"column":19},"end":{"line":304,"column":null}}],"line":303},"18":{"loc":{"start":{"line":314,"column":8},"end":{"line":316,"column":null}},"type":"if","locations":[{"start":{"line":314,"column":8},"end":{"line":316,"column":null}},{"start":{},"end":{}}],"line":314},"19":{"loc":{"start":{"line":325,"column":12},"end":{"line":326,"column":null}},"type":"binary-expr","locations":[{"start":{"line":325,"column":12},"end":{"line":325,"column":null}},{"start":{"line":326,"column":15},"end":{"line":326,"column":null}}],"line":325},"20":{"loc":{"start":{"line":330,"column":8},"end":{"line":338,"column":null}},"type":"if","locations":[{"start":{"line":330,"column":8},"end":{"line":338,"column":null}},{"start":{},"end":{}}],"line":330},"21":{"loc":{"start":{"line":467,"column":8},"end":{"line":478,"column":null}},"type":"if","locations":[{"start":{"line":467,"column":8},"end":{"line":478,"column":null}},{"start":{},"end":{}}],"line":467},"22":{"loc":{"start":{"line":480,"column":8},"end":{"line":495,"column":null}},"type":"if","locations":[{"start":{"line":480,"column":8},"end":{"line":495,"column":null}},{"start":{},"end":{}}],"line":480},"23":{"loc":{"start":{"line":565,"column":8},"end":{"line":580,"column":null}},"type":"if","locations":[{"start":{"line":565,"column":8},"end":{"line":580,"column":null}},{"start":{},"end":{}}],"line":565},"24":{"loc":{"start":{"line":632,"column":8},"end":{"line":634,"column":null}},"type":"if","locations":[{"start":{"line":632,"column":8},"end":{"line":634,"column":null}},{"start":{},"end":{}}],"line":632}},"s":{"0":47,"1":47,"2":47,"3":100,"4":47,"5":47,"6":87,"7":47,"8":47,"9":47,"10":100,"11":47,"12":100,"13":47,"14":47,"15":47,"16":47,"17":47,"18":47,"19":47,"20":47,"21":47,"22":47,"23":47,"24":47,"25":47,"26":329,"27":329,"28":329,"29":329,"30":329,"31":681,"32":329,"33":329,"34":635,"35":329,"36":681,"37":329,"38":681,"39":329,"40":329,"41":329,"42":288,"43":7,"44":18,"45":18,"46":11,"47":12,"48":26,"49":12,"50":10,"51":2,"52":2,"53":2,"54":2,"55":0,"56":263,"57":251,"58":12,"59":12,"60":12,"61":0,"62":12,"63":12,"64":0,"65":12,"66":10,"67":8,"68":2,"69":2,"70":2,"71":1,"72":1,"73":8,"74":8,"75":7,"76":8,"77":8,"78":16,"79":7,"80":7,"81":29,"82":19,"83":11,"84":22,"85":5,"86":3,"87":5,"88":6,"89":6,"90":6,"91":6,"92":2,"93":2,"94":254,"95":254,"96":254,"97":254,"98":254,"99":254,"100":254,"101":254,"102":254,"103":254,"104":254,"105":14,"106":14,"107":1,"108":1,"109":1,"110":12,"111":2,"112":2,"113":2,"114":10,"115":10,"116":10,"117":10,"118":10,"119":10,"120":10,"121":10,"122":10,"123":10,"124":10,"125":10,"126":10,"127":11,"128":11,"129":2,"130":2,"131":2,"132":8,"133":8,"134":8,"135":8,"136":8,"137":8,"138":8,"139":8,"140":8,"141":8,"142":8,"143":5,"144":5,"145":1,"146":4,"147":4,"148":4,"149":4,"150":4,"151":4,"152":4},"f":{"0":47,"1":100,"2":87,"3":100,"4":100,"5":329,"6":681,"7":635,"8":681,"9":681,"10":288,"11":7,"12":18,"13":12,"14":26,"15":2,"16":263,"17":8,"18":16,"19":7,"20":7,"21":29,"22":19,"23":11,"24":22,"25":5,"26":3,"27":5,"28":6,"29":2,"30":254,"31":14,"32":11,"33":5},"b":{"0":[47],"1":[47],"2":[47,47],"3":[47,47],"4":[47,47],"5":[329,329],"6":[329,329],"7":[329,329],"8":[11,7],"9":[10,2],"10":[2,0],"11":[251,12],"12":[263,12],"13":[0,12],"14":[0,12],"15":[10,2],"16":[8,2],"17":[10,10],"18":[1,1],"19":[8,8],"20":[7,1],"21":[1,13],"22":[2,10],"23":[2,9],"24":[1,4]},"meta":{"lastBranch":25,"lastFunction":34,"lastStatement":153,"seen":{"f:57:4:57:Infinity":0,"b:61:19:61:Infinity":0,"b:62:21:62:Infinity":1,"s:64:8:67:Infinity":0,"s:69:8:73:Infinity":1,"b:70:12:70:Infinity:71:15:71:Infinity":2,"s:75:8:81:Infinity":2,"f:76:21:76:Infinity":1,"s:78:20:78:Infinity":3,"s:83:8:86:Infinity":4,"s:88:8:94:Infinity":5,"f:89:22:89:Infinity":2,"s:91:20:91:Infinity":6,"s:96:8:100:Infinity":7,"b:97:12:97:Infinity:98:15:98:Infinity":3,"s:102:8:106:Infinity":8,"b:103:12:103:Infinity:104:15:104:Infinity":4,"s:109:12:112:Infinity":9,"f:109:21:109:Infinity":3,"s:111:20:111:Infinity":10,"s:115:12:118:Infinity":11,"f:115:21:115:Infinity":4,"s:117:20:117:Infinity":12,"s:120:8:123:Infinity":13,"s:125:8:128:Infinity":14,"s:130:8:130:Infinity":15,"s:131:8:131:Infinity":16,"s:132:8:132:Infinity":17,"s:133:8:133:Infinity":18,"s:134:8:134:Infinity":19,"s:135:8:135:Infinity":20,"s:137:8:139:Infinity":21,"s:141:8:141:Infinity":22,"s:142:8:142:Infinity":23,"s:148:8:148:Infinity":24,"s:150:8:150:Infinity":25,"f:153:4:153:23":5,"s:154:8:158:Infinity":26,"b:155:12:155:Infinity:156:15:156:Infinity":5,"s:160:8:164:Infinity":27,"b:161:12:161:Infinity:162:15:162:Infinity":6,"s:166:8:169:Infinity":28,"s:171:8:175:Infinity":29,"b:172:12:172:Infinity:173:15:173:Infinity":7,"s:177:8:183:Infinity":30,"f:178:27:178:Infinity":6,"s:180:20:180:Infinity":31,"s:185:8:188:Infinity":32,"s:190:8:196:Infinity":33,"f:191:28:191:Infinity":7,"s:193:20:193:Infinity":34,"s:199:12:202:Infinity":35,"f:199:27:199:Infinity":8,"s:201:20:201:Infinity":36,"s:205:12:208:Infinity":37,"f:205:27:205:Infinity":9,"s:207:20:207:Infinity":38,"s:210:8:213:Infinity":39,"s:215:8:218:Infinity":40,"s:220:8:223:Infinity":41,"f:226:4:226:23":10,"s:227:8:231:Infinity":42,"f:227:24:227:Infinity":11,"s:229:16:229:Infinity":43,"f:234:4:234:Infinity":12,"s:238:12:238:Infinity":44,"b:240:8:243:Infinity:undefined:undefined:undefined:undefined":8,"s:240:8:243:Infinity":45,"s:241:12:242:Infinity":46,"f:246:4:246:Infinity":13,"s:250:12:253:Infinity":47,"f:250:27:250:Infinity":14,"s:252:20:252:Infinity":48,"b:255:8:257:Infinity:undefined:undefined:undefined:undefined":9,"s:255:8:257:Infinity":49,"s:256:12:256:Infinity":50,"s:260:12:263:Infinity":51,"f:260:28:260:Infinity":15,"s:262:20:262:Infinity":52,"b:265:8:267:Infinity:undefined:undefined:undefined:undefined":10,"s:265:8:267:Infinity":53,"s:266:12:266:Infinity":54,"s:269:8:269:Infinity":55,"f:272:4:272:28":16,"b:273:8:278:Infinity:undefined:undefined:undefined:undefined":11,"s:273:8:278:Infinity":56,"b:274:12:274:Infinity:275:15:275:Infinity":12,"s:277:12:277:Infinity":57,"s:281:12:283:Infinity":58,"s:286:12:286:Infinity":59,"b:288:8:290:Infinity:undefined:undefined:undefined:undefined":13,"s:288:8:290:Infinity":60,"s:289:12:289:Infinity":61,"s:293:12:295:Infinity":62,"b:297:8:299:Infinity:undefined:undefined:undefined:undefined":14,"s:297:8:299:Infinity":63,"s:298:12:298:Infinity":64,"b:301:8:312:Infinity:undefined:undefined:undefined:undefined":15,"s:301:8:312:Infinity":65,"b:302:12:307:Infinity:undefined:undefined:undefined:undefined":16,"s:302:12:307:Infinity":66,"b:303:16:303:Infinity:304:19:304:Infinity":17,"s:306:16:306:Infinity":67,"s:309:12:309:Infinity":68,"s:311:12:311:Infinity":69,"b:314:8:316:Infinity:undefined:undefined:undefined:undefined":18,"s:314:8:316:Infinity":70,"s:315:12:315:Infinity":71,"s:318:8:318:Infinity":72,"f:321:4:321:Infinity":17,"s:324:8:328:Infinity":73,"b:325:12:325:Infinity:326:15:326:Infinity":19,"b:330:8:338:Infinity:undefined:undefined:undefined:undefined":20,"s:330:8:338:Infinity":74,"s:335:12:337:Infinity":75,"s:340:8:345:Infinity":76,"s:347:8:347:Infinity":77,"f:350:8:350:21":18,"s:351:8:351:Infinity":78,"f:354:8:354:39":19,"s:355:8:355:Infinity":79,"f:358:8:358:41":20,"s:359:8:359:Infinity":80,"f:362:8:362:27":21,"s:363:8:363:Infinity":81,"f:366:8:366:29":22,"s:367:8:367:Infinity":82,"f:370:8:370:36":23,"s:371:8:376:Infinity":83,"f:371:31:371:Infinity":24,"s:373:16:374:Infinity":84,"f:379:8:379:31":25,"s:380:8:380:Infinity":85,"f:383:8:383:34":26,"s:384:8:384:Infinity":86,"f:387:4:387:Infinity":27,"s:390:8:391:Infinity":87,"f:394:4:394:26":28,"s:395:8:398:Infinity":88,"s:400:8:400:Infinity":89,"s:402:8:402:Infinity":90,"s:404:8:404:Infinity":91,"f:407:4:407:27":29,"s:408:8:408:Infinity":92,"s:410:8:410:Infinity":93,"f:413:4:413:18":30,"s:415:12:415:Infinity":94,"s:418:12:418:Infinity":95,"s:421:12:421:Infinity":96,"s:423:8:423:Infinity":97,"s:425:8:426:Infinity":98,"s:428:8:431:Infinity":99,"s:433:8:437:Infinity":100,"s:439:8:444:Infinity":101,"s:446:8:446:Infinity":102,"s:448:8:448:Infinity":103,"s:454:8:454:Infinity":104,"f:457:4:457:Infinity":31,"s:460:8:465:Infinity":105,"b:467:8:478:Infinity:undefined:undefined:undefined:undefined":21,"s:467:8:478:Infinity":106,"s:468:12:473:Infinity":107,"s:475:12:475:Infinity":108,"s:477:12:477:Infinity":109,"b:480:8:495:Infinity:undefined:undefined:undefined:undefined":22,"s:480:8:495:Infinity":110,"s:484:12:490:Infinity":111,"s:492:12:492:Infinity":112,"s:494:12:494:Infinity":113,"s:498:12:498:Infinity":114,"s:501:12:501:Infinity":115,"s:504:12:506:Infinity":116,"s:508:8:509:Infinity":117,"s:511:8:512:Infinity":118,"s:514:8:519:Infinity":119,"s:526:8:528:Infinity":120,"s:530:8:535:Infinity":121,"s:537:8:541:Infinity":122,"s:543:8:546:Infinity":123,"s:548:8:548:Infinity":124,"s:550:8:550:Infinity":125,"s:552:8:552:Infinity":126,"f:555:4:555:Infinity":32,"s:558:8:563:Infinity":127,"b:565:8:580:Infinity:undefined:undefined:undefined:undefined":23,"s:565:8:580:Infinity":128,"s:569:12:575:Infinity":129,"s:577:12:577:Infinity":130,"s:579:12:579:Infinity":131,"s:583:12:583:Infinity":132,"s:586:12:586:Infinity":133,"s:588:8:588:Infinity":134,"s:590:8:591:Infinity":135,"s:593:8:598:Infinity":136,"s:604:8:606:Infinity":137,"s:608:8:612:Infinity":138,"s:614:8:619:Infinity":139,"s:621:8:621:Infinity":140,"s:623:8:623:Infinity":141,"s:625:8:625:Infinity":142,"f:628:4:628:35":33,"s:630:12:630:Infinity":143,"b:632:8:634:Infinity:undefined:undefined:undefined:undefined":24,"s:632:8:634:Infinity":144,"s:633:12:633:Infinity":145,"s:637:12:637:Infinity":146,"s:639:8:640:Infinity":147,"s:642:8:647:Infinity":148,"s:649:8:653:Infinity":149,"s:655:8:655:Infinity":150,"s:657:8:657:Infinity":151,"s:663:8:663:Infinity":152},"fnNames":{}}}
,"/Users/ekehemeka/Desktop/Comp-2452 /src/model/markov-chain.ts": {"path":"/Users/ekehemeka/Desktop/Comp-2452 /src/model/markov-chain.ts","statementMap":{"0":{"start":{"line":12,"column":8},"end":{"line":15,"column":null}},"1":{"start":{"line":17,"column":8},"end":{"line":17,"column":null}},"2":{"start":{"line":25,"column":12},"end":{"line":25,"column":null}},"3":{"start":{"line":27,"column":8},"end":{"line":30,"column":null}},"4":{"start":{"line":32,"column":8},"end":{"line":36,"column":null}},"5":{"start":{"line":38,"column":36},"end":{"line":38,"column":null}},"6":{"start":{"line":40,"column":8},"end":{"line":52,"column":null}},"7":{"start":{"line":44,"column":12},"end":{"line":44,"column":null}},"8":{"start":{"line":46,"column":12},"end":{"line":51,"column":null}},"9":{"start":{"line":50,"column":16},"end":{"line":50,"column":null}},"10":{"start":{"line":55,"column":12},"end":{"line":55,"column":null}},"11":{"start":{"line":57,"column":8},"end":{"line":57,"column":null}}},"fnMap":{"0":{"name":"constructor","decl":{"start":{"line":11,"column":4},"end":{"line":11,"column":16}},"loc":{"start":{"line":11,"column":36},"end":{"line":18,"column":null}},"line":11},"1":{"name":"nextState","decl":{"start":{"line":20,"column":4},"end":{"line":20,"column":null}},"loc":{"start":{"line":23,"column":14},"end":{"line":58,"column":null}},"line":23}},"branchMap":{"0":{"loc":{"start":{"line":22,"column":8},"end":{"line":22,"column":null}},"type":"default-arg","locations":[{"start":{"line":22,"column":22},"end":{"line":22,"column":null}}],"line":22},"1":{"loc":{"start":{"line":33,"column":12},"end":{"line":34,"column":null}},"type":"binary-expr","locations":[{"start":{"line":33,"column":12},"end":{"line":33,"column":null}},{"start":{"line":34,"column":15},"end":{"line":34,"column":null}}],"line":33},"2":{"loc":{"start":{"line":46,"column":12},"end":{"line":51,"column":null}},"type":"if","locations":[{"start":{"line":46,"column":12},"end":{"line":51,"column":null}},{"start":{},"end":{}}],"line":46}},"s":{"0":12,"1":12,"2":18,"3":18,"4":18,"5":18,"6":18,"7":20,"8":20,"9":15,"10":0,"11":0},"f":{"0":12,"1":18},"b":{"0":[18],"1":[18,16],"2":[15,5]},"meta":{"lastBranch":3,"lastFunction":2,"lastStatement":12,"seen":{"f:11:4:11:16":0,"s:12:8:15:Infinity":0,"s:17:8:17:Infinity":1,"f:20:4:20:Infinity":1,"b:22:22:22:Infinity":0,"s:25:12:25:Infinity":2,"s:27:8:30:Infinity":3,"s:32:8:36:Infinity":4,"b:33:12:33:Infinity:34:15:34:Infinity":1,"s:38:36:38:Infinity":5,"s:40:8:52:Infinity":6,"s:44:12:44:Infinity":7,"b:46:12:51:Infinity:undefined:undefined:undefined:undefined":2,"s:46:12:51:Infinity":8,"s:50:16:50:Infinity":9,"s:55:12:55:Infinity":10,"s:57:8:57:Infinity":11},"fnNames":{}}}
,"/Users/ekehemeka/Desktop/Comp-2452 /src/model/multiplier-upgrade.ts": {"path":"/Users/ekehemeka/Desktop/Comp-2452 /src/model/multiplier-upgrade.ts","statementMap":{"0":{"start":{"line":16,"column":8},"end":{"line":16,"column":null}},"1":{"start":{"line":17,"column":8},"end":{"line":20,"column":null}},"2":{"start":{"line":22,"column":8},"end":{"line":22,"column":null}},"3":{"start":{"line":25,"column":8},"end":{"line":25,"column":null}},"4":{"start":{"line":29,"column":8},"end":{"line":33,"column":null}},"5":{"start":{"line":37,"column":8},"end":{"line":37,"column":null}},"6":{"start":{"line":42,"column":8},"end":{"line":45,"column":null}},"7":{"start":{"line":47,"column":25},"end":{"line":47,"column":null}},"8":{"start":{"line":50,"column":8},"end":{"line":53,"column":null}},"9":{"start":{"line":55,"column":8},"end":{"line":55,"column":null}},"10":{"start":{"line":57,"column":8},"end":{"line":57,"column":null}},"11":{"start":{"line":61,"column":23},"end":{"line":71,"column":null}},"12":{"start":{"line":73,"column":8},"end":{"line":80,"column":null}},"13":{"start":{"line":74,"column":12},"end":{"line":79,"column":null}}},"fnMap":{"0":{"name":"constructor","decl":{"start":{"line":15,"column":4},"end":{"line":15,"column":16}},"loc":{"start":{"line":15,"column":86},"end":{"line":26,"column":null}},"line":15},"1":{"name":"(anonymous_1)","decl":{"start":{"line":28,"column":4},"end":{"line":28,"column":36}},"loc":{"start":{"line":28,"column":36},"end":{"line":34,"column":null}},"line":28},"2":{"name":"multiplier","decl":{"start":{"line":36,"column":8},"end":{"line":36,"column":29}},"loc":{"start":{"line":36,"column":29},"end":{"line":38,"column":null}},"line":36},"3":{"name":"apply","decl":{"start":{"line":40,"column":4},"end":{"line":40,"column":10}},"loc":{"start":{"line":40,"column":40},"end":{"line":58,"column":null}},"line":40},"4":{"name":"getAll","decl":{"start":{"line":60,"column":17},"end":{"line":60,"column":56}},"loc":{"start":{"line":60,"column":56},"end":{"line":81,"column":null}},"line":60},"5":{"name":"(anonymous_5)","decl":{"start":{"line":73,"column":27},"end":{"line":73,"column":32}},"loc":{"start":{"line":74,"column":12},"end":{"line":79,"column":null}},"line":74}},"branchMap":{"0":{"loc":{"start":{"line":18,"column":12},"end":{"line":18,"column":null}},"type":"binary-expr","locations":[{"start":{"line":18,"column":12},"end":{"line":18,"column":43}},{"start":{"line":18,"column":43},"end":{"line":18,"column":null}}],"line":18},"1":{"loc":{"start":{"line":30,"column":12},"end":{"line":31,"column":null}},"type":"binary-expr","locations":[{"start":{"line":30,"column":12},"end":{"line":30,"column":null}},{"start":{"line":31,"column":12},"end":{"line":31,"column":null}}],"line":30},"2":{"loc":{"start":{"line":43,"column":12},"end":{"line":43,"column":null}},"type":"binary-expr","locations":[{"start":{"line":43,"column":12},"end":{"line":43,"column":45}},{"start":{"line":43,"column":45},"end":{"line":43,"column":null}}],"line":43}},"s":{"0":54,"1":54,"2":54,"3":54,"4":56,"5":1,"6":3,"7":3,"8":3,"9":3,"10":3,"11":1,"12":1,"13":4},"f":{"0":54,"1":56,"2":1,"3":3,"4":5,"5":4},"b":{"0":[54,54],"1":[56,56],"2":[3,3]},"meta":{"lastBranch":3,"lastFunction":6,"lastStatement":14,"seen":{"f:15:4:15:16":0,"s:16:8:16:Infinity":0,"s:17:8:20:Infinity":1,"b:18:12:18:43:18:43:18:Infinity":0,"s:22:8:22:Infinity":2,"s:25:8:25:Infinity":3,"f:28:4:28:36":1,"s:29:8:33:Infinity":4,"b:30:12:30:Infinity:31:12:31:Infinity":1,"f:36:8:36:29":2,"s:37:8:37:Infinity":5,"f:40:4:40:10":3,"s:42:8:45:Infinity":6,"b:43:12:43:45:43:45:43:Infinity":2,"s:47:25:47:Infinity":7,"s:50:8:53:Infinity":8,"s:55:8:55:Infinity":9,"s:57:8:57:Infinity":10,"f:60:17:60:56":4,"s:61:23:71:Infinity":11,"s:73:8:80:Infinity":12,"f:73:27:73:32":5,"s:74:12:79:Infinity":13},"fnNames":{}}}
,"/Users/ekehemeka/Desktop/Comp-2452 /src/model/nebula-factory.ts": {"path":"/Users/ekehemeka/Desktop/Comp-2452 /src/model/nebula-factory.ts","statementMap":{"0":{"start":{"line":14,"column":12},"end":{"line":24,"column":null}},"1":{"start":{"line":26,"column":8},"end":{"line":34,"column":null}},"2":{"start":{"line":28,"column":16},"end":{"line":33,"column":null}}},"fnMap":{"0":{"name":"getAll","decl":{"start":{"line":12,"column":17},"end":{"line":12,"column":52}},"loc":{"start":{"line":12,"column":52},"end":{"line":35,"column":null}},"line":12},"1":{"name":"(anonymous_1)","decl":{"start":{"line":26,"column":27},"end":{"line":26,"column":null}},"loc":{"start":{"line":28,"column":16},"end":{"line":33,"column":null}},"line":28}},"branchMap":{},"s":{"0":1,"1":1,"2":3},"f":{"0":3,"1":3},"b":{},"meta":{"lastBranch":0,"lastFunction":2,"lastStatement":3,"seen":{"f:12:17:12:52":0,"s:14:12:24:Infinity":0,"s:26:8:34:Infinity":1,"f:26:27:26:Infinity":1,"s:28:16:33:Infinity":2},"fnNames":{}}}
,"/Users/ekehemeka/Desktop/Comp-2452 /src/model/power-upgrade.ts": {"path":"/Users/ekehemeka/Desktop/Comp-2452 /src/model/power-upgrade.ts","statementMap":{"0":{"start":{"line":16,"column":8},"end":{"line":16,"column":null}},"1":{"start":{"line":18,"column":8},"end":{"line":21,"column":null}},"2":{"start":{"line":23,"column":8},"end":{"line":23,"column":null}},"3":{"start":{"line":26,"column":8},"end":{"line":26,"column":null}},"4":{"start":{"line":30,"column":8},"end":{"line":34,"column":null}},"5":{"start":{"line":38,"column":8},"end":{"line":38,"column":null}},"6":{"start":{"line":43,"column":8},"end":{"line":46,"column":null}},"7":{"start":{"line":48,"column":25},"end":{"line":48,"column":null}},"8":{"start":{"line":51,"column":8},"end":{"line":54,"column":null}},"9":{"start":{"line":56,"column":8},"end":{"line":56,"column":null}},"10":{"start":{"line":58,"column":8},"end":{"line":58,"column":null}},"11":{"start":{"line":62,"column":23},"end":{"line":72,"column":null}},"12":{"start":{"line":74,"column":8},"end":{"line":81,"column":null}},"13":{"start":{"line":75,"column":12},"end":{"line":80,"column":null}}},"fnMap":{"0":{"name":"constructor","decl":{"start":{"line":15,"column":4},"end":{"line":15,"column":16}},"loc":{"start":{"line":15,"column":89},"end":{"line":27,"column":null}},"line":15},"1":{"name":"(anonymous_1)","decl":{"start":{"line":29,"column":4},"end":{"line":29,"column":31}},"loc":{"start":{"line":29,"column":31},"end":{"line":35,"column":null}},"line":29},"2":{"name":"powerIncrease","decl":{"start":{"line":37,"column":8},"end":{"line":37,"column":32}},"loc":{"start":{"line":37,"column":32},"end":{"line":39,"column":null}},"line":37},"3":{"name":"apply","decl":{"start":{"line":41,"column":4},"end":{"line":41,"column":10}},"loc":{"start":{"line":41,"column":40},"end":{"line":59,"column":null}},"line":41},"4":{"name":"getAll","decl":{"start":{"line":61,"column":17},"end":{"line":61,"column":51}},"loc":{"start":{"line":61,"column":51},"end":{"line":82,"column":null}},"line":61},"5":{"name":"(anonymous_5)","decl":{"start":{"line":74,"column":27},"end":{"line":74,"column":32}},"loc":{"start":{"line":75,"column":12},"end":{"line":80,"column":null}},"line":75}},"branchMap":{"0":{"loc":{"start":{"line":19,"column":12},"end":{"line":19,"column":null}},"type":"binary-expr","locations":[{"start":{"line":19,"column":12},"end":{"line":19,"column":46}},{"start":{"line":19,"column":46},"end":{"line":19,"column":null}}],"line":19},"1":{"loc":{"start":{"line":31,"column":12},"end":{"line":32,"column":null}},"type":"binary-expr","locations":[{"start":{"line":31,"column":12},"end":{"line":31,"column":null}},{"start":{"line":32,"column":12},"end":{"line":32,"column":null}}],"line":31},"2":{"loc":{"start":{"line":44,"column":12},"end":{"line":44,"column":null}},"type":"binary-expr","locations":[{"start":{"line":44,"column":12},"end":{"line":44,"column":45}},{"start":{"line":44,"column":45},"end":{"line":44,"column":null}}],"line":44}},"s":{"0":70,"1":70,"2":70,"3":70,"4":78,"5":1,"6":12,"7":12,"8":12,"9":12,"10":12,"11":1,"12":1,"13":4},"f":{"0":70,"1":78,"2":1,"3":12,"4":5,"5":4},"b":{"0":[70,67],"1":[78,78],"2":[12,12]},"meta":{"lastBranch":3,"lastFunction":6,"lastStatement":14,"seen":{"f:15:4:15:16":0,"s:16:8:16:Infinity":0,"s:18:8:21:Infinity":1,"b:19:12:19:46:19:46:19:Infinity":0,"s:23:8:23:Infinity":2,"s:26:8:26:Infinity":3,"f:29:4:29:31":1,"s:30:8:34:Infinity":4,"b:31:12:31:Infinity:32:12:32:Infinity":1,"f:37:8:37:32":2,"s:38:8:38:Infinity":5,"f:41:4:41:10":3,"s:43:8:46:Infinity":6,"b:44:12:44:45:44:45:44:Infinity":2,"s:48:25:48:Infinity":7,"s:51:8:54:Infinity":8,"s:56:8:56:Infinity":9,"s:58:8:58:Infinity":10,"f:61:17:61:51":4,"s:62:23:72:Infinity":11,"s:74:8:81:Infinity":12,"f:74:27:74:32":5,"s:75:12:80:Infinity":13},"fnNames":{}}}
,"/Users/ekehemeka/Desktop/Comp-2452 /src/model/robo-buy-map.ts": {"path":"/Users/ekehemeka/Desktop/Comp-2452 /src/model/robo-buy-map.ts","statementMap":{"0":{"start":{"line":1,"column":54},"end":{"line":12,"column":null}},"1":{"start":{"line":15,"column":4},"end":{"line":22,"column":null}},"2":{"start":{"line":17,"column":35},"end":{"line":20,"column":null}}},"fnMap":{"0":{"name":"(anonymous_0)","decl":{"start":{"line":16,"column":39},"end":{"line":16,"column":null}},"loc":{"start":{"line":17,"column":35},"end":{"line":20,"column":null}},"line":17}},"branchMap":{},"s":{"0":3,"1":3,"2":30},"f":{"0":30},"b":{},"meta":{"lastBranch":0,"lastFunction":1,"lastStatement":3,"seen":{"s:1:54:12:Infinity":0,"s:15:4:22:Infinity":1,"f:16:39:16:Infinity":0,"s:17:35:20:Infinity":2},"fnNames":{}}}
,"/Users/ekehemeka/Desktop/Comp-2452 /src/model/star-collector.ts": {"path":"/Users/ekehemeka/Desktop/Comp-2452 /src/model/star-collector.ts","statementMap":{"0":{"start":{"line":15,"column":12},"end":{"line":25,"column":null}},"1":{"start":{"line":27,"column":8},"end":{"line":35,"column":null}},"2":{"start":{"line":29,"column":16},"end":{"line":34,"column":null}}},"fnMap":{"0":{"name":"getAll","decl":{"start":{"line":13,"column":17},"end":{"line":13,"column":52}},"loc":{"start":{"line":13,"column":52},"end":{"line":36,"column":null}},"line":13},"1":{"name":"(anonymous_1)","decl":{"start":{"line":27,"column":27},"end":{"line":27,"column":null}},"loc":{"start":{"line":29,"column":16},"end":{"line":34,"column":null}},"line":29}},"branchMap":{},"s":{"0":1,"1":1,"2":3},"f":{"0":4,"1":3},"b":{},"meta":{"lastBranch":0,"lastFunction":2,"lastStatement":3,"seen":{"f:13:17:13:52":0,"s:15:12:25:Infinity":0,"s:27:8:35:Infinity":1,"f:27:27:27:Infinity":1,"s:29:16:34:Infinity":2},"fnNames":{}}}
,"/Users/ekehemeka/Desktop/Comp-2452 /src/model/star.ts": {"path":"/Users/ekehemeka/Desktop/Comp-2452 /src/model/star.ts","statementMap":{"0":{"start":{"line":13,"column":8},"end":{"line":16,"column":null}},"1":{"start":{"line":18,"column":8},"end":{"line":21,"column":null}},"2":{"start":{"line":23,"column":8},"end":{"line":27,"column":null}},"3":{"start":{"line":29,"column":8},"end":{"line":29,"column":null}},"4":{"start":{"line":30,"column":8},"end":{"line":30,"column":null}},"5":{"start":{"line":31,"column":8},"end":{"line":31,"column":null}},"6":{"start":{"line":33,"column":8},"end":{"line":33,"column":null}},"7":{"start":{"line":37,"column":8},"end":{"line":40,"column":null}},"8":{"start":{"line":42,"column":8},"end":{"line":45,"column":null}},"9":{"start":{"line":47,"column":8},"end":{"line":51,"column":null}},"10":{"start":{"line":55,"column":8},"end":{"line":55,"column":null}},"11":{"start":{"line":59,"column":8},"end":{"line":59,"column":null}},"12":{"start":{"line":63,"column":8},"end":{"line":63,"column":null}},"13":{"start":{"line":67,"column":31},"end":{"line":67,"column":null}},"14":{"start":{"line":69,"column":8},"end":{"line":69,"column":null}},"15":{"start":{"line":71,"column":8},"end":{"line":74,"column":null}},"16":{"start":{"line":76,"column":8},"end":{"line":76,"column":null}}},"fnMap":{"0":{"name":"constructor","decl":{"start":{"line":8,"column":4},"end":{"line":8,"column":null}},"loc":{"start":{"line":12,"column":6},"end":{"line":34,"column":null}},"line":12},"1":{"name":"(anonymous_1)","decl":{"start":{"line":36,"column":4},"end":{"line":36,"column":23}},"loc":{"start":{"line":36,"column":23},"end":{"line":52,"column":null}},"line":36},"2":{"name":"name","decl":{"start":{"line":54,"column":8},"end":{"line":54,"column":23}},"loc":{"start":{"line":54,"column":23},"end":{"line":56,"column":null}},"line":54},"3":{"name":"imageUrl","decl":{"start":{"line":58,"column":8},"end":{"line":58,"column":27}},"loc":{"start":{"line":58,"column":27},"end":{"line":60,"column":null}},"line":58},"4":{"name":"totalClicks","decl":{"start":{"line":62,"column":8},"end":{"line":62,"column":30}},"loc":{"start":{"line":62,"column":30},"end":{"line":64,"column":null}},"line":62},"5":{"name":"registerClick","decl":{"start":{"line":66,"column":4},"end":{"line":66,"column":26}},"loc":{"start":{"line":66,"column":26},"end":{"line":77,"column":null}},"line":66}},"branchMap":{"0":{"loc":{"start":{"line":11,"column":8},"end":{"line":11,"column":null}},"type":"default-arg","locations":[{"start":{"line":11,"column":22},"end":{"line":11,"column":null}}],"line":11},"1":{"loc":{"start":{"line":24,"column":12},"end":{"line":25,"column":null}},"type":"binary-expr","locations":[{"start":{"line":24,"column":12},"end":{"line":24,"column":null}},{"start":{"line":25,"column":15},"end":{"line":25,"column":null}}],"line":24},"2":{"loc":{"start":{"line":48,"column":12},"end":{"line":49,"column":null}},"type":"binary-expr","locations":[{"start":{"line":48,"column":12},"end":{"line":48,"column":null}},{"start":{"line":49,"column":15},"end":{"line":49,"column":null}}],"line":48}},"s":{"0":52,"1":52,"2":52,"3":52,"4":52,"5":52,"6":52,"7":305,"8":305,"9":305,"10":12,"11":12,"12":525,"13":255,"14":255,"15":255,"16":255},"f":{"0":52,"1":305,"2":12,"3":12,"4":525,"5":255},"b":{"0":[52],"1":[52,50],"2":[305,305]},"meta":{"lastBranch":3,"lastFunction":6,"lastStatement":17,"seen":{"f:8:4:8:Infinity":0,"b:11:22:11:Infinity":0,"s:13:8:16:Infinity":0,"s:18:8:21:Infinity":1,"s:23:8:27:Infinity":2,"b:24:12:24:Infinity:25:15:25:Infinity":1,"s:29:8:29:Infinity":3,"s:30:8:30:Infinity":4,"s:31:8:31:Infinity":5,"s:33:8:33:Infinity":6,"f:36:4:36:23":1,"s:37:8:40:Infinity":7,"s:42:8:45:Infinity":8,"s:47:8:51:Infinity":9,"b:48:12:48:Infinity:49:15:49:Infinity":2,"f:54:8:54:23":2,"s:55:8:55:Infinity":10,"f:58:8:58:27":3,"s:59:8:59:Infinity":11,"f:62:8:62:30":4,"s:63:8:63:Infinity":12,"f:66:4:66:26":5,"s:67:31:67:Infinity":13,"s:69:8:69:Infinity":14,"s:71:8:74:Infinity":15,"s:76:8:76:Infinity":16},"fnNames":{}}}
,"/Users/ekehemeka/Desktop/Comp-2452 /src/model/upgrade.ts": {"path":"/Users/ekehemeka/Desktop/Comp-2452 /src/model/upgrade.ts","statementMap":{"0":{"start":{"line":14,"column":8},"end":{"line":17,"column":null}},"1":{"start":{"line":19,"column":8},"end":{"line":22,"column":null}},"2":{"start":{"line":24,"column":8},"end":{"line":27,"column":null}},"3":{"start":{"line":29,"column":8},"end":{"line":29,"column":null}},"4":{"start":{"line":30,"column":8},"end":{"line":30,"column":null}},"5":{"start":{"line":31,"column":8},"end":{"line":31,"column":null}},"6":{"start":{"line":32,"column":8},"end":{"line":32,"column":null}},"7":{"start":{"line":34,"column":8},"end":{"line":34,"column":null}},"8":{"start":{"line":38,"column":8},"end":{"line":41,"column":null}},"9":{"start":{"line":43,"column":8},"end":{"line":46,"column":null}},"10":{"start":{"line":48,"column":8},"end":{"line":51,"column":null}},"11":{"start":{"line":53,"column":8},"end":{"line":56,"column":null}},"12":{"start":{"line":60,"column":8},"end":{"line":60,"column":null}},"13":{"start":{"line":64,"column":8},"end":{"line":64,"column":null}},"14":{"start":{"line":68,"column":8},"end":{"line":68,"column":null}},"15":{"start":{"line":72,"column":8},"end":{"line":72,"column":null}},"16":{"start":{"line":78,"column":8},"end":{"line":81,"column":null}},"17":{"start":{"line":83,"column":8},"end":{"line":87,"column":null}},"18":{"start":{"line":89,"column":25},"end":{"line":89,"column":null}},"19":{"start":{"line":91,"column":8},"end":{"line":94,"column":null}},"20":{"start":{"line":96,"column":8},"end":{"line":96,"column":null}},"21":{"start":{"line":98,"column":8},"end":{"line":101,"column":null}},"22":{"start":{"line":103,"column":8},"end":{"line":103,"column":null}},"23":{"start":{"line":105,"column":8},"end":{"line":105,"column":null}},"24":{"start":{"line":109,"column":8},"end":{"line":112,"column":null}},"25":{"start":{"line":114,"column":8},"end":{"line":114,"column":null}},"26":{"start":{"line":116,"column":8},"end":{"line":119,"column":null}},"27":{"start":{"line":121,"column":8},"end":{"line":121,"column":null}}},"fnMap":{"0":{"name":"constructor","decl":{"start":{"line":9,"column":4},"end":{"line":9,"column":null}},"loc":{"start":{"line":13,"column":6},"end":{"line":35,"column":null}},"line":13},"1":{"name":"(anonymous_1)","decl":{"start":{"line":37,"column":4},"end":{"line":37,"column":26}},"loc":{"start":{"line":37,"column":26},"end":{"line":57,"column":null}},"line":37},"2":{"name":"name","decl":{"start":{"line":59,"column":8},"end":{"line":59,"column":23}},"loc":{"start":{"line":59,"column":23},"end":{"line":61,"column":null}},"line":59},"3":{"name":"description","decl":{"start":{"line":63,"column":8},"end":{"line":63,"column":30}},"loc":{"start":{"line":63,"column":30},"end":{"line":65,"column":null}},"line":63},"4":{"name":"cost","decl":{"start":{"line":67,"column":8},"end":{"line":67,"column":23}},"loc":{"start":{"line":67,"column":23},"end":{"line":69,"column":null}},"line":67},"5":{"name":"purchased","decl":{"start":{"line":71,"column":8},"end":{"line":71,"column":29}},"loc":{"start":{"line":71,"column":29},"end":{"line":73,"column":null}},"line":71},"6":{"name":"purchase","decl":{"start":{"line":77,"column":4},"end":{"line":77,"column":13}},"loc":{"start":{"line":77,"column":43},"end":{"line":106,"column":null}},"line":77},"7":{"name":"restorePurchase","decl":{"start":{"line":108,"column":4},"end":{"line":108,"column":28}},"loc":{"start":{"line":108,"column":28},"end":{"line":122,"column":null}},"line":108}},"branchMap":{"0":{"loc":{"start":{"line":25,"column":12},"end":{"line":25,"column":null}},"type":"binary-expr","locations":[{"start":{"line":25,"column":12},"end":{"line":25,"column":37}},{"start":{"line":25,"column":37},"end":{"line":25,"column":null}}],"line":25},"1":{"loc":{"start":{"line":49,"column":12},"end":{"line":49,"column":null}},"type":"binary-expr","locations":[{"start":{"line":49,"column":12},"end":{"line":49,"column":43}},{"start":{"line":49,"column":43},"end":{"line":49,"column":null}}],"line":49},"2":{"loc":{"start":{"line":84,"column":12},"end":{"line":85,"column":null}},"type":"binary-expr","locations":[{"start":{"line":84,"column":12},"end":{"line":84,"column":null}},{"start":{"line":85,"column":15},"end":{"line":85,"column":null}}],"line":84}},"s":{"0":124,"1":124,"2":124,"3":124,"4":124,"5":124,"6":124,"7":124,"8":135,"9":135,"10":135,"11":135,"12":63,"13":1,"14":45,"15":50,"16":14,"17":14,"18":14,"19":14,"20":14,"21":14,"22":14,"23":14,"24":1,"25":1,"26":1,"27":1},"f":{"0":124,"1":135,"2":63,"3":1,"4":45,"5":50,"6":14,"7":1},"b":{"0":[124,122],"1":[135,135],"2":[14,13]},"meta":{"lastBranch":3,"lastFunction":8,"lastStatement":28,"seen":{"f:9:4:9:Infinity":0,"s:14:8:17:Infinity":0,"s:19:8:22:Infinity":1,"s:24:8:27:Infinity":2,"b:25:12:25:37:25:37:25:Infinity":0,"s:29:8:29:Infinity":3,"s:30:8:30:Infinity":4,"s:31:8:31:Infinity":5,"s:32:8:32:Infinity":6,"s:34:8:34:Infinity":7,"f:37:4:37:26":1,"s:38:8:41:Infinity":8,"s:43:8:46:Infinity":9,"s:48:8:51:Infinity":10,"b:49:12:49:43:49:43:49:Infinity":1,"s:53:8:56:Infinity":11,"f:59:8:59:23":2,"s:60:8:60:Infinity":12,"f:63:8:63:30":3,"s:64:8:64:Infinity":13,"f:67:8:67:23":4,"s:68:8:68:Infinity":14,"f:71:8:71:29":5,"s:72:8:72:Infinity":15,"f:77:4:77:13":6,"s:78:8:81:Infinity":16,"s:83:8:87:Infinity":17,"b:84:12:84:Infinity:85:15:85:Infinity":2,"s:89:25:89:Infinity":18,"s:91:8:94:Infinity":19,"s:96:8:96:Infinity":20,"s:98:8:101:Infinity":21,"s:103:8:103:Infinity":22,"s:105:8:105:Infinity":23,"f:108:4:108:28":7,"s:109:8:112:Infinity":24,"s:114:8:114:Infinity":25,"s:116:8:119:Infinity":26,"s:121:8:121:Infinity":27},"fnNames":{}}}
}
